01:17 Miband          : salut
01:17 JBCO91          : hello
02:19 JBCO91          : j'y vais, bonne nuit et bon jeu
02:19 Miband          : bonne nuit
03:09 Miband          :  placed a sign @ world: x87, z-2
  FER
  OR
  CHARBON
06:08 Miband    : false
06:08 Miband    : false
06:55 belfedia  : bonjour :)
06:55 Miband    : salut o/
06:59 belfedia  : ça serait possible de pas passer la nuit stp ?
07:00 belfedia  : je chasse dans les marais pour avoir du slime :)
07:02 Miband    : oui
07:02 belfedia  : ah mince elle est passé la ?
07:02 Miband    : oui
07:03 belfedia  : je comprend pas
07:03 belfedia  : elle dure si peu de temps ?
07:03 Miband    : la journée ? je viens de dormir
07:03 belfedia  : je t'avais demander de pas passer la nuit
07:03 Miband    : ah
07:03 belfedia  : si tu dors, tu la fais passer
07:04 belfedia  : J'essaye de chasser du slime :)
07:05 belfedia  :  placed a sign @ world: x651, z-47
  Belfedia
  Hutte
  de chasse
07:12 Miband    : pourquoi tu chasses du slim ?
07:12 belfedia  : ben pour faire des pistons collant
07:13 Miband    : oui ok mais pk
07:13 belfedia  : je sais pas mais quand je bricole de la redstone j'en ai besoin :)
07:13 Miband    : ok
07:15 belfedia  : c'est dommage la nuit dernière c'était la pleine lune, du coup ça pop moins
07:16 Miband    :  placed a sign @ world: x95, z-5
  VIANDARDS
07:22 belfedia  : merci :) j'ai en ai 25 ça devrait suffir pour le moment :)
07:35 belfedia  :  placed a sign @ world: x412, z5
  Argile
07:35 belfedia  :  placed a sign @ world: x412, z3
  Plantes
07:40 belfedia  : bonne journée a++ :)
10:46 JBCO91    : bonjour
10:57 cassiopeaprinces:  placed a sign @ world: x-245, z183
  CUISINE
  PRIVé
11:02 cassiopeaprinces: cc
11:02 cassiopeaprinces: ta instaler le micro
11:02 cassiopeaprinces: bjr tt le monde
11:03 JBCO91          : hello
11:14 cassiopeaprinces:  placed a sign @ world: x87, z-5
  REDSTONE
  CUIVRE
11:35 cassiopeaprinces:  placed a sign @ world: x87, z-5
  REDSTONE
  CUIVRE
11:45 belfedia        : hello/re
11:45 JBCO91          : hello
11:46 belfedia        : quelqu'un aurait un bon plan pour trouver de la ficelle ? les araignées sont rares
11:47 JBCO91          : vu que cassio est partie, tu peux tuer des chats :o)
11:47 belfedia        : des chats ? ahhh non pauvre bète
11:48 JBCO91          : ah mince toi aussi :o)
11:54 Miband          : tu peux aller a un spawner a araignée y en a sur discord, pour la ficelle
12:05 Sylvere_Cine    : Bonjour
12:05 JBCO91          : hello
12:07 cassiopeaprinces: cc
12:07 cassiopeaprinces: street t ou
12:07 JBCO91          : chez moi
12:07 Sylvere_Cine    : Coucou
12:08 cassiopeaprinces: et tu veux tuer mes chats
12:08 cassiopeaprinces: mdr
12:08 JBCO91          : si tu as réussi a récupérer tous les chats du jeu, bravo ! :o)
12:08 belfedia        : miaou ? :)
12:09 cassiopeaprinces: attend
12:09 cassiopeaprinces: jarrive
12:12 JBCO91          : tu veux une bière ?
12:12 cassiopeaprinces: tu veux des chats?
12:12 JBCO91          : non merci pour les chats, aie pitié de mes oreilles ;o)
12:12 cassiopeaprinces: c quoi c un resto ou ta maison c trop cool
12:12 B4lr0g_DeV0uReR : yo ^^
12:12 JBCO91          : c'est la cuisine ici
12:13 Sylvere_Cine    : Salut B4lr0g
12:13 JBCO91          : B4lr0g_DeV0uReR hello
12:13 B4lr0g_DeV0uReR : comment vont ?
12:14 Sylvere_Cine    : bien et toi ?
12:14 cassiopeaprinces: wahou je crois que jai trouver ma chambre
12:15 B4lr0g_DeV0uReR : ça va ça va
12:15 belfedia        : hello :)
12:16 B4lr0g_DeV0uReR : j'ai pas envie de faire carré pour ma maison
12:16 Sylvere_Cine    : triangle ? Rond ? Ovale ? y a de la possibilité
12:16 belfedia        : moi j'ai pris la flèche :p
12:17 Sylvere_Cine    : aussi :)
12:17 B4lr0g_DeV0uReR : oh y'a un temple de fou malade en construction au loin
12:17 Sylvere_Cine    : ha ça, ça va être grand !
12:19 B4lr0g_DeV0uReR : roh j'ai tout perdu c'est vrai, au moins 3k quartz je vais devoir retourner miner
12:19 Sylvere_Cine    : ha zut. Du coup je suppose que tu as pas réussi ton passage dans le nether ?
12:20 JBCO91          : cassiopeaprinces tu ne serais pas partie avec quelques stacks de bois de sapin quand tu es venue me voir au pied de l'arbre ?
12:20 Sylvere_Cine    : non
12:21 B4lr0g_DeV0uReR : je préparais le passage, j'ai mis tout dans les minecarts en attendant, tout à été delete
12:21 Sylvere_Cine    : déso je suis au bureau j'ai pas de micro
12:21 B4lr0g_DeV0uReR : toute le contenu de ma base, vanish
12:21 cassiopeaprinces: pas grave
12:21 Sylvere_Cine    : arf so bad @B4lr0g
12:22 Sylvere_Cine    : j'avais pas vu l'entrée en bas du dragon mdr
12:22 B4lr0g_DeV0uReR : j'ai toujours mon stuff et un peu de fer mais bon faut tout refarm
12:23 Sylvere_Cine    : c'est Midbands qui a construit la tête de dragon
12:23 B4lr0g_DeV0uReR : gg a lui elle est stylée
12:24 Sylvere_Cine    : ce serait cool un flot de lave qui descend des ednts au milieu
12:24 B4lr0g_DeV0uReR : si vous avez besoin de terraforming faites le moi savoir
12:25 Sylvere_Cine    : Ouah on a une vue d'en haut !
12:25 B4lr0g_DeV0uReR : j'ai vu que pas mal d'ilots flottaient sur une lame de terre Kappa
12:26 Sylvere_Cine    : bon alors elle où la cascade pour redescendre LUL
12:34 Sylvere_Cine    : Y a un marchand qui est monté sur mon toit LUL
12:34 belfedia        : Il veut sans doute que tu lui fasses un hypermarché à plusieurs étages :)
12:34 B4lr0g_DeV0uReR : comme les chats : il saura bien redescendre tout seul x)
12:34 Sylvere_Cine    : LUL
12:35 belfedia        : ohhh de chez moi je vois une tête de dragon :)
12:35 B4lr0g_DeV0uReR : j'ai même plus de cobble pour faire des fours LUL
12:38 cassiopeaprinces: c ouf g tt visite je croi
12:38 JBCO91          : merci
12:38 belfedia        : le monde entier ? :O
12:38 cassiopeaprinces: c koi le machin que vous fabriquer a cote de cher moi?
12:38 JBCO91          : tu n'as pas mon bois dans ton inventaire
12:39 cassiopeaprinces: si je croi
12:39 JBCO91          : merci
12:39 cassiopeaprinces: je ne c pas dou ca sors dailleur
12:39 cassiopeaprinces: cher moi jai du noir si tu veux
12:39 JBCO91          : tu l'as ramassé quand tu es venue me voir au pied du sapin
12:40 cassiopeaprinces: dsler
12:40 JBCO91          : pas grave mais j'étais surpris en descendant et ne voyant rien c'est alors que j'ai compris
12:40 cassiopeaprinces: jai ramasser aussi des pousse de banbou
12:40 JBCO91          : attends cassio
12:41 cassiopeaprinces: ct pas a toi
12:41 JBCO91          : ce n'est pas à moi ces pousses
12:41 cassiopeaprinces: a ok
12:42 cassiopeaprinces:  placed a sign @ world: x-67, z104
  B4lr0g
  ²
12:48 B4lr0g_DeV0uReR : je re
12:48 Sylvere_Cine    : a+
12:58 B4lr0g_DeV0uReR : re
12:58 Sylvere_Cine    : re
13:18 Sylvere_Cine    : GG
13:18 JBCO91          : gg
13:19 B4lr0g_DeV0uReR : ty je viens d'arriver couche 15 c'est encourageant
13:28 Sylvere_Cine    : aller je vous abbandone. Le bon après midi
13:28 B4lr0g_DeV0uReR : bon aprem ^^
13:28 JBCO91          : bonne journée a+
13:42 belfedia        : bye bye a++
13:42 B4lr0g_DeV0uReR : a+
13:42 JBCO91          : a+
13:43 B4lr0g_DeV0uReR : 3 débris d'un coup :o
13:43 JBCO91          : nice
13:44 B4lr0g_DeV0uReR : carrément
13:44 B4lr0g_DeV0uReR : ce qui veut dire que ma technique est efficace
13:44 B4lr0g_DeV0uReR : et safe en plus de ça
13:45 JBCO91          : je ne rentrerai pas dans les discussions philosophiques de minage lol
13:45 B4lr0g_DeV0uReR : ah ouais ? xD
13:47 B4lr0g_DeV0uReR : si y'a bien un endroit ou tu peux le faire c'est minecraft Kappa
13:47 JBCO91          : je dis ça car quand tu regardes sur le net, c'est une discussion sans fin sur qui a la méthode la plus rentable en termes d'optimisation du minage que ce soit pour les débris ou les diams
13:47 B4lr0g_DeV0uReR : je m'arrete à : ma méthode marche perso
13:47 JBCO91          : c'est la meilleure !
13:50 B4lr0g_DeV0uReR : tant que tu meurs pas dans la lave, c'est le cas
13:51 JBCO91          : oui surtout qu'elle coule plus vite dans le nether qu'en surface
13:51 B4lr0g_DeV0uReR : oh que oui
13:53 B4lr0g_DeV0uReR : ma pioche me hurle de rentrer je vous ramene des souvenirs genre des stacks de silex ?
13:54 JBCO91          : tu peux vendre tes silex au fléchier au trading center
13:55 B4lr0g_DeV0uReR : bien vu
13:55 JBCO91          : ça fera même de l'xp pour recharger ta pioche ;o)
13:55 B4lr0g_DeV0uReR : en plus ça marche bien ça merci
13:59 JBCO91          : y'a mes tortues qui squattent chez toi
13:59 B4lr0g_DeV0uReR : j'ai vu ça
14:00 JBCO91          : j'aime bien la disposition de tes biblio autour de ta table
14:01 B4lr0g_DeV0uReR : merci ^^
14:10 B4lr0g_DeV0uReR : y'a pas de fléchier au trade center xD
14:10 Miband          : au dessus non ?
14:10 JBCO91          : tu as été voir dans l'autre voisin ?
14:10 B4lr0g_DeV0uReR : y'en a deuuuux
14:11 B4lr0g_DeV0uReR : j'avais pas vu LUL
14:11 JBCO91          : oui tu en as un autre un peu plus haut faut prendre les escaliers au niveau des cactus
14:22 Miband          : bjr
14:22 JBCO91          : hello
14:22 B4lr0g_DeV0uReR : yo
14:22 miniwoim        : hello
14:35 Miband          : on a pas assez de coffre pour les patates, obligé de les jetter :x
14:35 miniwoim        : trop de patate effectivemenbt
14:35 B4lr0g_DeV0uReR : les patates cuites ?
14:35 Miband          : le dites pas a maanoly :x
14:35 Miband          : oui
14:35 JBCO91          : je crois que nous sommes leader de la production de patate cuite ;o)
14:35 B4lr0g_DeV0uReR : engrais ?
14:36 miniwoim        : mimi elle pire tes message via didi
14:36 Miband          : on a trop d'engrais déjà
14:36 B4lr0g_DeV0uReR : je suis en train de mettre en bloc tout les os a la squeletterie xD
14:37 miniwoim        : bon allez je vais tenter de trouvé des diams san mourir
14:38 Miband          : je croise les doigts pour toi miniwoim
14:42 Miband          : \o/
14:42 miniwoim        : MDR
14:42 Miband          : il fait chaud en enfer au moins
14:43 B4lr0g_DeV0uReR : o/
14:43 miniwoim        : mais quel en......
14:44 B4lr0g_DeV0uReR : les pnj rachetent les flèches ?
14:44 JBCO91          : pas à ma connaissance
14:52 Miband          : le totem ça protège de toutes les morts ?
14:55 B4lr0g_DeV0uReR : oui
14:55 Miband          : ok merci
14:55 B4lr0g_DeV0uReR : meme le void, mais tu meurs après quand meme
14:55 Miband          : même de chute ?
14:56 B4lr0g_DeV0uReR : oui tu respawn avec 1 coeur et de l'absorption
14:56 Miband          : ok merci
14:56 B4lr0g_DeV0uReR : je laisse ma place a la ferme a os
14:56 B4lr0g_DeV0uReR : elle est pleine btw
14:59 B4lr0g_DeV0uReR : ouch
14:59 Miband          : le pauvre :x
15:00 B4lr0g_DeV0uReR : ah bah ça arrive même aux meilleurs
15:00 Miband          : KEKW
15:01 B4lr0g_DeV0uReR : mort 2 fois de creepers en étant afk x)
15:01 B4lr0g_DeV0uReR : y'a une fois j'ai survécu, il m'a ejecté d'une hauteur je suis mort en bas
15:04 Miband          : mieux vaut en rire
15:05 B4lr0g_DeV0uReR : mais oui, c'est pas comme si tout le contenu de ma base avait mystérieusement disparu dans mes minecarts pendant le déménagement
15:05 B4lr0g_DeV0uReR : Kappa
15:05 Miband          : y a pas de plaisir sans difficulté Kappa
15:06 B4lr0g_DeV0uReR : m'enfin perdre sa base parce que le jeu fonctionne pas c'est tiltant j'ai failli rq pour de bon
15:07 Miband          : je crois c'est le creeper qui était un bug a sa création, selon la légende, c'est bugcraft enfaite
15:07 B4lr0g_DeV0uReR : meh
15:14 B4lr0g_DeV0uReR : ah mais c'est mon chat dans le nether
15:19 B4lr0g_DeV0uReR : ouaaaah les piglins brute ça défonce tellement
15:20 Miband          : oui
15:20 B4lr0g_DeV0uReR : jme casse
15:21 B4lr0g_DeV0uReR : je suis en diams full protection je prends 2 coeurs par 2
15:21 Miband          : je suis full netherite j'ai pris pas mal aussi failli mourir à l'instant
15:21 B4lr0g_DeV0uReR : le plus drole c'est que je suis sur que le bastion que j'ai il est vide
15:22 Miband          : y a un bastion près du portail y a tout encore j'ai rien pris
15:24 B4lr0g_DeV0uReR : près du portail ?
15:24 Miband          : oui en -162 38 176
15:25 Miband          : y a des modèles de forge dans les coffres
15:26 B4lr0g_DeV0uReR : ah cool je vais voir ça alors
15:26 Miband          : sur le discord j'ai mis un screen dans #le-infos-des-mineurs
15:41 B4lr0g_DeV0uReR : ok j'ai
15:41 Miband          : gg
15:41 B4lr0g_DeV0uReR : le bastion
15:41 JBCO91          : nice
15:41 B4lr0g_DeV0uReR : jsuis pas garanti de sorti vivant encore xD
15:41 Miband          : t'as pas de quoi de faire un portail ?
15:41 B4lr0g_DeV0uReR : je pense pas a ça ^^
15:42 Miband          : moi je vais toujours avec de l'obsi dans le nether si jamais je me perds
15:43 B4lr0g_DeV0uReR : je suis a hauteur de la lave j'ai bien piffé la salle
15:46 B4lr0g_DeV0uReR : jsuis en vie
15:46 Miband          : gg
15:47 JBCO91          : parfait
16:02 B4lr0g_DeV0uReR : ça consomme le truc ! D:
16:02 Miband          : quoi donc
16:03 B4lr0g_DeV0uReR : le truc que je suis allé chercher dans le bastion a disparu quand j'ai mis ma pioche en netherite
16:03 Miband          : ah oui le modèle, tu pouvais le reproduire
16:04 Miband          : on en a street et moi on peut t'en passer aussi
16:04 B4lr0g_DeV0uReR : c'est la plus grosse douille de l'histoire de l'humanité ça xD
16:05 Miband          : faut du diamant pour le reproduire par contre
16:05 B4lr0g_DeV0uReR : je veux bien du coup ^^
16:05 Miband          : moi je suis encore dans le nether :x
16:06 B4lr0g_DeV0uReR : pas de soucis prends ton temps
16:06 JBCO91          : viens me voir je suis chez moi
16:07 JBCO91          : tu sais comment faire ?
16:08 B4lr0g_DeV0uReR : surement dans la forge
16:08 JBCO91          : non avec l'établi tout simplement
16:08 JBCO91          : tu as des diamants sur toi ?
16:08 B4lr0g_DeV0uReR : ah ok j'ai juste pas de netherack
16:08 B4lr0g_DeV0uReR : oui j'ai vu le craft merci :p
16:09 JBCO91          : ok tu me rendras le modèle plus tard
16:09 B4lr0g_DeV0uReR : c'est bon ^^
16:10 B4lr0g_DeV0uReR : merci beaucoup
16:10 JBCO91          : merci
16:10 Miband          : et tous les modèles se consumme donc faut les reproduire avant
16:11 B4lr0g_DeV0uReR : d'accord
16:11 B4lr0g_DeV0uReR : je prends note
16:14 Miband          : je chasse le wither squelette failli mourir par un zombifié :x
16:15 B4lr0g_DeV0uReR : un pigmen ?
16:15 Miband          : oui
16:16 Miband          : j'attire toute la meute maintenant
16:46 Miband          : je me suis pris un poisson globe j'ai eu peur :x
16:47 cassiopeaprinces: LOL
16:56 cassiopeaprinces: PK jai des chats qui ce tp sur moi
16:56 Miband          : ce sont tes chats certainement
16:57 cassiopeaprinces: ils sont a la spa assis
16:57 cassiopeaprinces: normalement si on ne les tape pas ils restent assis mdr
16:58 Miband          : c'est qu'ils ont été caressé trop fort
17:03 Miband          : gg
17:05 B4lr0g_DeV0uReR : gg
17:09 B4lr0g_DeV0uReR : yoo
17:09 Miband          : la star est là
17:09 Maanoly         : et yo
17:09 JBCO91          : hello
17:09 Maanoly         : je viens prolonger mon sanctuaire
17:10 Maanoly         : on m'a mento
17:10 Maanoly         : menti
17:10 Maanoly         : y'a des coffres vides
17:10 Miband          : où
17:10 Maanoly         : et bien dans la salle
17:10 Maanoly         : kappa:
17:10 Miband          : ah oui mdrr dans le coin
17:10 Maanoly         : j'en ai trouvé 3 pas plein sur le mur à gauche de l'entrée via base
17:10 Maanoly         :  placed a sign @ world: x98, z-46
  Blocs de merde
  1
17:11 Maanoly         : mais tkt je vais agrandir là
17:11 Miband          : ils ont été vidé dans l'heure o_o j'invente pas du tout t'inquiète
17:11 B4lr0g_DeV0uReR : moi je chasse ma nourriture
17:12 Miband          : ça c'est un vrai bonhomme
17:12 Maanoly         : parle pas mal des patates mimi
17:12 Maanoly         : pense aux niveaux que ça t'as donné
17:12 B4lr0g_DeV0uReR : hahaha
17:13 Miband          : histoire vrai j'ai mis une patate en pot sur mon balcon
17:13 Miband          : irl
17:13 Maanoly         : ptdr
17:13 Miband          : tu m'as matrixé
17:13 Maanoly         : parfait
17:13 B4lr0g_DeV0uReR : ah ouais
17:13 Miband          : elle fait sa petite vie
17:14 B4lr0g_DeV0uReR : que la vie est dure quand on est une petite patate
17:14 Maanoly         : QUON SOIT MURE OU PAS MURE IL FAUT BIEN SE TENIR SUR SES PATES
17:14 B4lr0g_DeV0uReR : LUL
17:15 Miband          : les patates c'est excellent juste pour en faire des frites
17:15 B4lr0g_DeV0uReR : ou les presser pour en faire du jus
17:15 cassiopeaprinces: mon casque en or etait sur ma tete et pouf il a disparue
17:15 B4lr0g_DeV0uReR : il a cassé ?
17:19 Maanoly         : dodo
17:19 Maanoly         : cimer
17:26 B4lr0g_DeV0uReR : yo
17:26 Miband          : yo
17:27 JBCO91          : hello
17:27 Miband          : a+
17:28 derllire        : salut
17:33 Maanoly         : je vais te faire des coffres mon mimi
17:33 Maanoly         : tu vas kiffé
17:33 Maanoly         : kiffer*
17:33 Miband          : merci bien
17:34 Miband          : :o pauvre tortue
17:34 Maanoly         : j'veux la sauver des flammes
17:43 Miband          : y a pas assez de coffres
17:43 Maanoly         : tkt j'en fais plus là
17:43 Maanoly         : + *
17:43 Miband          : a l'étage ? y a rien
17:43 Maanoly         : j'en fais plus oui
17:43 Maanoly         : ++
17:44 Miband          : je fais une pause
17:49 cassiopeaprinces:  placed a sign @ world: x-67, z104
  CA VA ETRE
  QUOI ICI?
18:23 cassiopeaprinces: GG
18:23 derllire        : mercie
18:46 derllire        : j'en ai mare j'ai perdu tout mont stuf avec un pliglin qui a une hache que one shot
19:17 JohnMcEnroque   : coucou
19:17 JBCO91          : hello John
19:27 JohnMcEnroque placed suspicious LAVA_BUCKET @ world: x88, z-19
19:27 JohnMcEnroque placed suspicious WATER_BUCKET @ world: x88, z-18
19:34 JohnMcEnroque   : Hello derllire
19:50 JohnMcEnroque   : je reco apres manger
19:50 JohnMcEnroque   : A+
19:50 JBCO91          : a+
19:50 JohnMcEnroque   : derllire, je me suis mis des patates au four, si tu les prends c'est ok, mais remets en stp
21:15 Miband          : o/
21:15 JohnMcEnroque   : \o/
21:23 Sylvere_Cine    : Bonsoir
21:23 Miband          : bonsoir
21:23 JBCO91          : hello
21:28 JohnMcEnroque   : bonne nuit
21:28 JBCO91          : bn
21:28 Miband          : bonne nuit <>
21:28 Sylvere_Cine    : Bonne nuit
21:35 Miband          : street t'as eu des lags aujourd'hui ?
21:36 JBCO91          : non tout était ok
21:36 B4lr0g_DeV0uReR : moi ça allait je minais nether
21:36 Miband          : parfait \o/
23:01 Sylvere_Cine    : Peut être à plus tard. Si jamais je reviens pas la bonne nuit et à demain :)
23:01 Miband          : a+
23:01 B4lr0g_DeV0uReR : bonne nuit
23:01 JBCO91          : bonne nuit
23:22 Miband          : j'ai zéro chance :s
23:22 JBCO91          : qu'est ce qu'il t'arrive ?
23:22 B4lr0g_DeV0uReR : pourquoi ?
23:23 Miband          : aucun squelette me drop sa tête :s
23:23 B4lr0g_DeV0uReR : ça peut prendre du temps
23:24 Miband          : le max c'est butin deux ?
23:24 JBCO91          : butin III
23:24 Miband          : ok
