00:19 Sylvere_Cine    : Aller je filoche. La bonne nuit
00:19 JBCO91          : bonne nuit
12:55 JBCO91          : bonjour
12:55 Sylvere_Cine    : Salut
13:38 Sylvere_Cine    : Salut
13:38 belfedia        : Salut :)
13:38 JBCO91          : hello
13:40 belfedia        : vous aussi vos animaux font du sur-place mm si on les attire avec du blé ?
13:41 Sylvere_Cine    : J'ai pas testé à vrai dire vu qu'il y en avait pas mal au spawn
13:41 belfedia        : quand je suis arrivé, ils fonctionnaient normalement mais depuis quelques temps impossible de les déplacer :(
13:41 JBCO91          : oui j'ai des chats qui rodent près de chez moi et ils ne bougent pas alors qu'habituellement ils courent devant toi quand tu les approche
13:42 belfedia        : faudra en parler a miband
13:42 Sylvere_Cine    : on a cassé la zone avec tout ce qui a été fait LUL
13:42 belfedia        : non sans doute un plugin anti-lag
13:42 JBCO91          : et je ne parviens pas à reproduire mes chevaux, ils prennent bien la pomme dorée, font des coeurs mais pas de poulain qui nait, ce doit être un bug
14:10 belfedia        : les animaux sont si figés qu'on peut les tuer
14:10 belfedia        : ahhh cool miband
14:10 Sylvere_Cine    : Miband bonjour
14:11 belfedia        : salut, tu tombes bien :)
14:11 Miband          : slt
14:11 JBCO91          : hello
14:12 Miband          : pas besoin d'attendre que je me co, vous pouvez m'envoyer un message aussi
14:12 belfedia        : ca marche
14:13 Sylvere_Cine    : Ca n'empêchait pas le jeu donc ça va :)
14:13 Miband          : C'est quoi le souci du coup
14:13 belfedia        : les animaux sont tous figés, impossible de les déplacer, quand on les frappe ils ne fuient plus
14:14 Miband          : encore maintenant ?
14:14 belfedia        : je te dis quand j'en croise
14:14 JBCO91          : je vais tenter de faire un cheval et je te dis
14:15 JBCO91          : ça fonctionne pour le cheval
14:15 Miband          : ok super
14:16 Sylvere_Cine    : Les animaux aquatiques bougent
14:16 belfedia        : ca a l'air bon pour les cochons, des que je trouve une poule ou une vache je teste
14:17 Miband          : d'autres soucis sinon?
14:17 Sylvere_Cine    : pour ma part non
14:17 JBCO91          : de mon côté du moment que les arbres poussent, c'est tout bon :o))
14:18 Miband          : les arbres pousseront alors
14:20 belfedia        : c'est bon, attirer les animaux refonctionnent :)
14:21 belfedia        : niquel, merci bcp :)
14:22 Sylvere_Cine    : JBCO91, tu nous fait un temple grec ?
14:22 JBCO91          : non
14:22 Sylvere_Cine    : ça aurait pu vu la taille !
14:23 JBCO91          : tu es proche en effet mais ce n'est pas ça
14:23 Sylvere_Cine    : ok je verrai ça :)
14:23 belfedia        :  placed a sign @ world: x412, z4
  Laines
14:24 Sylvere_Cine    : si jamais tu veux de la pierre des profondeurs, j'en ai ramené pas mal au spawn
14:24 JBCO91          : merci mais j'en ai aussi miné
14:24 Sylvere_Cine    : okok
14:24 belfedia        : bon je vous laisse, tet à ce soir :) cubez bien :)
14:25 Sylvere_Cine    : bé bon courage et bonne construction
14:25 JBCO91          : ça fait 3 jours que je suis sur la collecte de ressources
14:25 JBCO91          : belfedia a+
14:25 Sylvere_Cine    : Bon AM Belfedia
14:25 Sylvere_Cine    : j'imagine oui que tu as bien farmé
14:27 Sylvere_Cine    : Bon courage pour le farm et la construction. Certainement à ce soir :)
14:27 JBCO91          : merci passe une bonne journée
14:27 Sylvere_Cine    : merci
15:06 DoLo59 placed suspicious WATER_BUCKET @ world: x198, z-147
15:06 DoLo59 placed suspicious WATER_BUCKET @ world: x198, z-147
15:06 DoLo59 placed suspicious WATER_BUCKET @ world: x199, z-149
15:06 DoLo59 placed suspicious WATER_BUCKET @ world: x201, z-150
15:11 B4lr0g_DeV0uReR : yo
15:11 DoLo59          : hello
15:18 DoLo59          : comment on fait pour claim sa base ?
15:19 JBCO91          : tu as un tuto très bien fait sur le discord
15:19 B4lr0g_DeV0uReR : faut une pelle en or et agrandir les bor'dures de ta base avec clic droit
15:19 DoLo59          : ah d'accord ok
15:20 B4lr0g_DeV0uReR : y'a combien de teintes sur les blocs de cuivre ?
15:21 JBCO91          : trois ou quatre mais pour les coloris intermédiaires, je pense qu'il faut les récolter au bon moment pour ensuite les cirer afin de figer la couleur
15:22 B4lr0g_DeV0uReR : d'accord merci, je suis au stade 3 sur la plupart on voit encore des reflets de cuivre dessus
15:23 JBCO91          : si tu le récoltes, tu verras le nom exact dans ton inventaire ce qui te permettra de voir les différentes étapes d'oxydation
15:25 B4lr0g_DeV0uReR : ouais je vois ça du coup
15:25 B4lr0g_DeV0uReR : yo cassio
15:25 cassiopeaprinces: CC
15:27 cassiopeaprinces: CC
15:27 JBCO91          : hello
15:28 cassiopeaprinces: TA beoin de quelque chose john?
15:29 JBCO91          : je pense que tu me parles mais c'est Street, merci mais j'ai ce qu'il faut, je suis en mode construction
15:29 cassiopeaprinces: a ok dsler
15:30 cassiopeaprinces: street
15:30 JBCO91          : pas de quoi être désolée ;o)
15:30 cassiopeaprinces: pour le pseudo
15:30 JBCO91          : en fait je farme puis je construis
15:30 JBCO91          : pas de soucis
15:30 B4lr0g_DeV0uReR : c'est de ta faute jbc tu pouvais pas t'appeler john, comme john en fait ? Kappa
15:31 JBCO91          : déjà la tentative de modification de mon pseudo s'est soldée par un échec alors je suis un peu bloqué à ce niveau
15:32 B4lr0g_DeV0uReR : parce que t'as déjà changé de pseudo ?
15:33 JBCO91          : non justement j'ai eu le jeu avant le rachat par Microsoft et je ne peux pas changer mon ancien pseudo de l'époque Mojang
15:34 B4lr0g_DeV0uReR : ah terrible
15:34 B4lr0g_DeV0uReR : j'ai pass essayé de changer de pseudo non plus j'ai un compte mojang migré
15:35 JBCO91          : terrible est un peu exagéré, c'est plutôt que c'est une contrainte pour se faire reconnaître par les autres joueurs
15:35 B4lr0g_DeV0uReR : moi qui pensait a changer de pseudo chui doomed ?
15:35 JBCO91          : en fait il prend le pseudo de jeu et pas celui de ton compte microsoft
15:36 B4lr0g_DeV0uReR : aah et tu peux changer que le nom de compte ?
15:37 JBCO91          : oui
15:38 B4lr0g_DeV0uReR : erf
15:51 B4lr0g_DeV0uReR :  placed a sign @ world: x-67, z104
  B4lr0g
15:55 B4lr0g_DeV0uReR placed suspicious WATER_BUCKET @ world: x1717, z1670
15:55 B4lr0g_DeV0uReR placed suspicious WATER_BUCKET @ world: x1724, z1668
15:55 B4lr0g_DeV0uReR placed suspicious WATER_BUCKET @ world: x1724, z1668
20:59 derllire        : salut
20:59 JBCO91          : hello
21:01 derllire        : esse que sa t'intéresse de la pierre je te demande sa vus que j'ai pamale de stack et en voyant la construction que tu tes entrain de construir sa pourait t'intéresser
21:01 JBCO91          : je te remercie mais ça ira j'ai tout ce qu'il faut
21:02 derllire        : ok
21:12 B4lr0g_DeV0uReR : yo
22:26 Sylvere_Cine    : Bonsoir
22:26 JBCO91          : hello
23:45 Sylvere_Cine    : Aller la bonne nuit. Et arrête toi avant le ciel ;)
23:45 JBCO91          : ah ah oui même les arbres ne touchent pas le ciel
23:45 JBCO91          : bonne nuit
