00:07 Miband          :  placed a sign @ world: x105, z1
  plantes du
  nether
00:55 B4lr0g_DeV0uReR : j'ai une idée pour ma maison mais on est sur de la cahute en minerais
01:51 Miband          :  placed a sign @ world: x109, z18
  ^^^^^^^^^^^^^^^
  LES COFFRES
  DE LA FLEMME
  ¨¨¨¨¨¨¨¨¨¨¨¨¨¨¨¨¨¨
01:55 Miband          : bn
01:55 B4lr0g_DeV0uReR : bn
01:56 JBCO91          : bn
01:56 B4lr0g_DeV0uReR : jfais la même je suis pas trop inspiré la
01:57 B4lr0g_DeV0uReR : bn
01:57 JBCO91          : moi aussi je ne vais pas tarder, bn
11:55 B4lr0g_DeV0uReR: yo
11:55 Miband         : salut
12:09 Sylvere_Cine   : Bien le bonjour
12:09 Miband         : bonjour
12:10 B4lr0g_DeV0uReR: yo
12:51 JBCO91         : bonjour
12:51 Sylvere_Cine   : Bonjour
12:51 Miband         : slt
13:04 B4lr0g_DeV0uReR: j'ai trouvé une géode
13:04 Miband         : gg
13:08 belfedia       : bien le bonjour à tous :)
13:08 B4lr0g_DeV0uReR: yo
13:08 Miband         : o/
13:08 JBCO91         : hello
13:16 B4lr0g_DeV0uReR: et yo
13:21 caliecolhe     : heyy
13:21 JBCO91         : bonjour
13:21 Miband         : slt
13:21 belfedia       : Salut :)
13:21 B4lr0g_DeV0uReR: 1446/70/1619 l'entrée pour la géode
13:21 B4lr0g_DeV0uReR: yo
13:44 belfedia       : Le travail m'appelle, a ++ :)
13:44 JBCO91         : a+
13:44 B4lr0g_DeV0uReR: bon courage
13:46 caliecolhe     :  placed a sign @ world: x135, z151
  Proute
  <<<<<<<<<<<<<<<<<<
13:48 B4lr0g_DeV0uReR: pourquoi j'ai toutes les tortues chez moi au secours
13:48 JBCO91         : elles t'aiment
13:48 Miband         : attention ça mord
13:49 B4lr0g_DeV0uReR: je tacherais de m'en souvenir
14:06 B4lr0g_DeV0uReR placed suspicious WATER_BUCKET @ world: x2144, z1598
14:06 B4lr0g_DeV0uReR placed suspicious WATER_BUCKET @ world: x2095, z1623
15:36 B4lr0g_DeV0uReR: la légende raconte que je me suis encore paumé dans une caverne qui fait la taille du spawn xD
15:36 caliecolhe     : oh zut
15:36 B4lr0g_DeV0uReR: voir 2x plus grand c'est insane mdr
15:46 B4lr0g_DeV0uReR: double CD en meme temps
15:46 B4lr0g_DeV0uReR: wait et mall
15:47 B4lr0g_DeV0uReR: j'ai kité 2 archer et 2 creeper en meme temp mdr
15:52 B4lr0g_DeV0uReR: incroyable j'ai retrouvé mon chemin
15:56 caliecolhe     : GG
16:00 B4lr0g_DeV0uReR: pillager wtc c'est normal ?
16:01 Miband         : si tu pose la question c'est que non peut être
16:02 B4lr0g_DeV0uReR: meerde
16:03 B4lr0g_DeV0uReR: ça a dépop ?
16:03 B4lr0g_DeV0uReR: je pensais pas le tuer avec mon arc nul
16:14 B4lr0g_DeV0uReR: je vois un raid mais y'a pas de raiders je comprends pas
16:14 caliecolhe     : un raid? Kesako?
16:14 JBCO91         : j'en ai devant chez moi
16:14 B4lr0g_DeV0uReR: au trade center, j'ai tabassé un pillager
16:15 caliecolhe     : aaah c'est une invasion?
16:15 B4lr0g_DeV0uReR: oui
16:15 JBCO91         : pour info tu as une flèche dans la barbe :o)
16:15 B4lr0g_DeV0uReR: bien vu x)
16:17 B4lr0g_DeV0uReR: il a spawné dans le trade
16:18 B4lr0g_DeV0uReR: oh noo
16:18 caliecolhe     : ils sont entyre chez street et l'école
16:23 JBCO91         : devant le trade du bas
16:28 JBCO91         : gg
16:28 B4lr0g_DeV0uReR: let's gooo
16:28 caliecolhe     : gg
16:28 B4lr0g_DeV0uReR: gg
16:28 Miband         : gg
16:29 B4lr0g_DeV0uReR: calie
16:29 caliecolhe     : oui?
16:30 B4lr0g_DeV0uReR: je t'ai perdu x)
16:30 caliecolhe     : je suis au champs du spanw
16:30 caliecolhe     : aux*
16:31 B4lr0g_DeV0uReR: la
16:31 caliecolhe     : j'en ai déjà un merci :)
16:31 B4lr0g_DeV0uReR: d'acc
16:31 caliecolhe     : c'est toi qui m'a filé ça tout à l'heure?
16:31 B4lr0g_DeV0uReR: pourtant tu t'es fait éclater par un raider
16:31 B4lr0g_DeV0uReR: oui
16:32 caliecolhe     : que l'avait pas sur moi LUL
16:32 B4lr0g_DeV0uReR: terrible
16:32 caliecolhe     : il est dans un coffre, à la base je vennais chercher de la canne à sucre perso, pas faire la bagarre aha
16:33 B4lr0g_DeV0uReR: vu les situations tordues dans lesquelles je meurs, pas sur que ça me soit utile mais bon x)
16:33 caliecolhe     : KEKW
16:36 B4lr0g_DeV0uReR: tout les échange sont a 1 la du coup ?
16:37 B4lr0g_DeV0uReR: ah non juste moins cher
16:52 caliecolhe     : le niveau de difficulté du serveur à encore augmenté?
16:52 caliecolhe     : a
16:52 Miband         : non
16:52 Miband         : c'est normal
16:52 B4lr0g_DeV0uReR: ça a nerf l'arc alors Kappa
16:52 caliecolhe     : je suis juste mauvaise alors XD
16:53 caliecolhe     : j'ai failli me faire oneshot par un squelette KEKW
16:53 Miband         : dommage qu'il a raté
16:53 B4lr0g_DeV0uReR: j'ai perdu mes mouches :/ (fantomes)
16:54 JBCO91         : hier soir il y en avait un qui volait au dessus de chez moi avec un bloc de netherack
16:54 B4lr0g_DeV0uReR: non je parle pas de ces fantomes la j'en ai jamais vu encore, je parle des monstres de la nuit
16:55 Miband         : y a un fantome qu'est rentré dans le spawn x)
16:55 JBCO91         : ah ok, ils n'apparaîssent que quand tu ne dors pas pendant 3 nuits d'affilées
16:56 B4lr0g_DeV0uReR: oui ils sont pas apparus cette nuit
16:56 B4lr0g_DeV0uReR: je les laisse faire, il réparent mon équipement x)
16:56 Miband         : j'ai attrapé le fantome avec ma canne a pêche
17:06 Miband         :  placed a sign @ world: x87, z-5
  REDSTONE
  CUIVRE
17:10 Miband         : on soigne comment un pnj zombie
17:20 caliecolhe     : le sable des âmes ne se trouve que dans le nether?
17:20 B4lr0g_DeV0uReR: ouais je crois
17:21 caliecolhe     : ok merci :)
17:21 Miband         : y en a près du portail dans le nether
17:21 JBCO91         : oui, tu peux en trouver un ou deux blocs exceptionnellement au pied d'un portail abandonné
17:39 JBCO91         :  placed a sign @ world: x-1, z163
  Perforation IV
  Impulsion II
  Frappe I
17:40 JBCO91         :  placed a sign @ world: x5, z151
  Recul II
  Protection I
  Châtiement IV
17:41 JBCO91         :  placed a sign @ world: x5, z151
  Recul II
  Protection I
  Châtiment IV
17:42 JBCO91         :  placed a sign @ world: x11, z151
  Affilage III
  Canalisation
  Papier
17:43 B4lr0g_DeV0uReR: gg
17:43 Miband         : \o/
17:43 JBCO91         :  placed a sign @ world: x11, z170
  Fléau arthrop IV
  Agilité aqua II
  Canalisation
17:43 caliecolhe     : gg
17:43 JBCO91         : gg
17:59 B4lr0g_DeV0uReR: je re plus tard
17:59 JBCO91         : a+
17:59 Miband         : a+
18:51 belfedia       : passage rapide pour miner quelques blocs :)
18:52 caliecolhe     : heyy
18:52 JBCO91         : bonsoir
18:52 belfedia       : ca cube ? :)
19:16 belfedia       : allez zou :) a++
19:16 JBCO91         : a+
19:29 JBCO91         :  placed a sign @ world: x-1, z151
  Chute amortie IV
  Charge rapide II
  Epines III
19:30 JBCO91         :  placed a sign @ world: x14, z151
  Aura de feu II
19:41 JBCO91         :  placed a sign @ world: x5, z151
  Recul II
  Protection I
  Châtiment IV
  Protection II
19:42 JBCO91         :  placed a sign @ world: x23, z151
  Frappe II
  Prot° explos° II
  Solidité II
21:19 Miband         : re
21:19 JBCO91         : re
22:18 Miband         :  placed a sign @ world: x87, z-3
  Minerais
  "Rares"
23:15 Miband         : salut
23:15 caliecolhe     : heyyy!
23:26 caliecolhe     : il y a moyen de pas faire passer la prochaine nuit de suite please ? Je veux tester la lumiète à la bibliothèque
23:26 Miband         : ok
23:26 JBCO91         : ok
23:27 caliecolhe     : merci \o/
23:40 Miband         : \o/
23:40 caliecolhe     : gg \o/
23:40 JBCO91         : nice
