00:11 papimouj0j0 placed suspicious WATER_BUCKET @ world: x759, z1244
00:11 papimouj0j0 placed suspicious WATER_BUCKET @ world: x764, z1241
00:11 papimouj0j0 placed suspicious WATER_BUCKET @ world: x764, z1241
00:11 papimouj0j0 placed suspicious WATER_BUCKET @ world: x763, z1240
02:36 JBCO91         :  placed a sign @ world: x27, z173
  Blé
  Patates
  Citrouilles
  Pastèques
12:37 JBCO91         : bonjour
12:53 Miband         : salut
13:14 B4lr0g_DeV0uReR: yo
13:15 Miband         : yo
13:16 B4lr0g_DeV0uReR: mes minecart chest disparaissent en passant par le nether je comprends pas
13:16 B4lr0g_DeV0uReR: heureusement que je teste sans stuff :o
13:17 Miband         : c'est censé fonctionner ? j'ai jamais fais ça
13:27 B4lr0g_DeV0uReR: oui normalement un minecart peut passer dans le nether
18:23 B4lr0g_DeV0uReR: yo/re
18:23 JBCO91         : hello
19:04 B4lr0g_DeV0uReR: y'a un thème pour le build ?
19:05 JBCO91         : pas à ma connaissance
19:10 B4lr0g_DeV0uReR: d'accord
19:12 B4lr0g_DeV0uReR: je peux prendre de la bouze dans le coffre ? ^^
19:46 B4lr0g_DeV0uReR: je crois qu'un villageois s'est fait bouffer
19:46 JBCO91         : ce sont des choses qui arrivent lol
19:47 B4lr0g_DeV0uReR: j'ai rien pour le convertir et il prend pas les items
19:47 B4lr0g_DeV0uReR: il est devant la maison patchwork
19:47 JBCO91         : faut une pomme enchantée c'est ça ?
19:48 B4lr0g_DeV0uReR: juste d'or et potion de faiblesse en splash
19:48 JBCO91         : si c'est ça je n'en ai pas et je ne sais pas comment ça se fabrique
19:48 B4lr0g_DeV0uReR: les gapples enchantée c'est devenu un mythe ça se crafte plus faut juste une pomme d'or classique
19:52 B4lr0g_DeV0uReR: il tient un bloc de bouze il va pas mourir du coup
19:55 B4lr0g_DeV0uReR:  placed a sign @ world: x105, z14
  MATERIAUX
  POTIONS
20:04 B4lr0g_DeV0uReR: ça y est j'ai ce qu'il faut, tu veux voir ?
20:09 B4lr0g_DeV0uReR: ayé la transformation commence
20:10 JBCO91         : oups trop tard, j'étais parti me chercher un truc à manger
20:10 B4lr0g_DeV0uReR: ah désolé :x
20:11 JBCO91         : c'est de ma faute, t'en fais pas
20:11 B4lr0g_DeV0uReR: j'ai fais 3 potions il en reste 2 ^^
20:22 JBCO91         : je regarde si l'on peut passer avec un bateau
20:22 B4lr0g_DeV0uReR: ça doit passer
20:22 JBCO91         : oui ça passe
20:22 B4lr0g_DeV0uReR: j'ai plus le son micro
20:22 JBCO91         : je te laisse construire, à+
20:22 B4lr0g_DeV0uReR: tu m'entends ?
20:22 JBCO91         : non
20:23 B4lr0g_DeV0uReR: ok
20:23 B4lr0g_DeV0uReR: le pnj est devant chez toi
20:24 JBCO91         : je pense que si on le relâche il va aller chez moi s'installer, non ?
20:25 B4lr0g_DeV0uReR: voila
20:25 JBCO91         : retour aux origines :o)
20:25 B4lr0g_DeV0uReR: oui x)
20:26 B4lr0g_DeV0uReR: jsuis coupable, j'ai pris toute la terre du coffre ^^'
20:27 JBCO91         : oui bon la terre je ne pense pas que ça manque à quelqu'un
20:28 B4lr0g_DeV0uReR: je remplirais si il faut
20:31 belfedia       : Bonsoir :)
20:31 B4lr0g_DeV0uReR: yoo
20:31 JBCO91         : hello
20:36 belfedia       :  placed a sign @ world: x410, z3
  Pierre des abimes
20:37 belfedia       :  placed a sign @ world: x410, z2
  Pierre des abimes
  Taillée
20:42 belfedia       :  placed a sign @ world: x410, z2
  Verre
20:42 belfedia       :  placed a sign @ world: x410, z3
  Gravier
  Silex
20:43 belfedia       :  placed a sign @ world: x410, z3
  Spéléothème
20:45 belfedia       :  placed a sign @ world: x407, z3
  Redstone
20:57 B4lr0g_DeV0uReR: terraforming finito
20:59 JBCO91         : gg
20:59 belfedia       : bravo :)
21:01 B4lr0g_DeV0uReR: j'ai aucune idée de quoi build encore
21:01 B4lr0g_DeV0uReR: mais merci ^^
21:02 belfedia       : Bof tu sais moi j'ai juste fait ma salle des coffres :)
21:04 B4lr0g_DeV0uReR: je suis à peu près bon qu'en terraforming ^^' la redstone toussa... date de la 1.7 x)
21:04 B4lr0g_DeV0uReR: on utilisait des ascenceurs a minecart pas des trucs tétra compliqués à base de slime blocs et de pistons
21:05 belfedia       : Je sais une chose, c'est que j'apprends a toutes mes aventures :)
21:11 B4lr0g_DeV0uReR:  placed a sign @ world: x-67, z104
  B4lr0g
  n'sé pas écrire
  son pseudo
  des enfers
21:12 belfedia       : a++ un imprévu :(
21:12 B4lr0g_DeV0uReR: gl
21:12 JBCO91         : a+
21:13 B4lr0g_DeV0uReR: son histoire de salle des coffres ça m'a redonné une idée pour le build mais c'est concept
21:20 Sylvere_Cine   : Bonsoir
21:20 JBCO91         : hello
21:20 B4lr0g_DeV0uReR: re
21:29 B4lr0g_DeV0uReR: je déco aussi je repasserais plus tard
21:29 Sylvere_Cine   : A+
21:29 B4lr0g_DeV0uReR: bon jeu
21:44 Miband         : salut
21:44 Sylvere_Cine   : Salut
21:44 JBCO91         : hello
21:45 Miband         : -54 les diamants ?
21:45 Sylvere_Cine   : il me semble
21:45 Miband         : je trouve rien :s
21:45 JBCO91         : oui
21:46 Miband         : ok suffit que je le dis pour trouver
21:57 belfedia       : re / bonsoir :)
21:57 Miband         : slt
21:57 Sylvere_Cine   : re
21:57 JBCO91         : o/
22:31 belfedia       :  placed a sign @ world: x412, z0
  Minerai
  rare
22:32 belfedia       :  placed a sign @ world: x412, z0
  Redstone
22:33 belfedia       :  placed a sign @ world: x412, z0
  Bouffe
  Outils
22:33 belfedia       :  placed a sign @ world: x412, z4
  Cuivre
22:37 belfedia       :  placed a sign @ world: x412, z2
  Pousses
22:37 belfedia       :  placed a sign @ world: x412, z4
  Graines
22:47 belfedia       : bonne nuit :)
22:47 Miband         : bn
22:47 JBCO91         : gn
22:47 Sylvere_Cine   : bonne nuit
22:57 Sylvere_Cine   : @ +
22:57 Miband         : slt
22:57 JBCO91         : a+
