23:59 papimouj0j0  : pas tout prendre et rien donner
23:59 Miband       : voilà exactement
23:59 JBCO91       : si je m'efforce de jouer par mes propres moyens mais hier soir je n'avais plus la patience ;o)
00:00 JBCO91       : Miband tu cherches toujours un livre flamme pour ton arc ?
00:00 Miband       : non c'est bon j'ai maintenant merci
00:01 JBCO91       : ok c'était pour mettre de côté si j'en obtenais un, car pour l'instant je n'en ai pas
00:10 Miband       : street t'as eu des lags aujourd'hui ?
00:10 JBCO91       : juste une fois
00:10 Miband       : longtemps ? vers quelle heure si tu sais
00:11 JBCO91       : non ça a dûré 2 mn par contre je n'ai pas retenu vers quelle heure et je suis resté connecté donc on ne peut pas voir sur l'historique une heure de déco
00:11 Miband       : pas grave
00:12 JBCO91       : à l'avenir si ça se produit, je prendrai note de l'incident
00:12 Miband       : mais de ce que je vois moi, y a plus rien. je pense que j'ai bien fait ça
00:13 JBCO91       : oui le boulot que tu as abatu est formidable, tout aussi bien avec la carte sur le net que les fonctions avec le didi, bravo à toi
00:13 Miband       : je veux juste jouer moi mdrr mais de rien
00:14 JBCO91       : je pense que tu prends plaisir à t'investir dans la gestion du serveur
00:14 Miband       : ça fait parti du jeu peut être
00:14 JBCO91       : ou de ce que tu aimes faire
00:15 JBCO91       : et de tes compétences surtout
00:16 Miband       : depuis 2012 j'en ai fais des serveurs et des plugins, avec le même temps tout le monde peut y arriver
00:17 JBCO91       : oui c'est sûr après une phase d'apprentissage c'est faisable mais tout le monde ne s'y est pas intéressé
00:17 Miband       : c'est sûr
00:18 Miband       : et c'est de plus en plus facile je trouve, avant fallait se battre pour trouver de la documentation
00:19 Miband       : et maintenant les ia, ça accélère tout
00:20 JBCO91       : oui je vois que les ia donnent de bons conseils voire du code tout fait (mais n'y connaissant rien ce ne sont que des retours que j'ai vus sur le net)
00:21 Miband       : faut garder son esprit critique parce que parfois elles allucinent mais c'est vraiment la révolution après internet
00:22 Miband       : maintenant ça reparle d'ordinateur quantique, ça va être encore un autre délire
00:23 JBCO91       : je t'avoue qu'il m'arrive de piéger les ia pour le fun sur des conjectures ou des questions simples, et même quand tu lui expliques la solution, elle ne retient pas, tu reviens un mois plus tard avec la même question, elle se plante pareil
00:23 Miband       : j'ai fais le plein de steack
00:23 Miband       : oui tu peux piéger les ia facilement, c'est marrant
00:23 JBCO91       : tu vas mettre les vegans en trance !
00:24 Miband       : y a des graines aussi
00:24 Miband       : discord avait son ia intégré a un bot y a quelques temps
00:24 Miband       : je lui ai fais croire que le ciel est vert et il le répétait aux autres
00:25 JBCO91       : au moins cette ia avait de la mémoire :o)
00:25 Miband       : j'ai dis, le ciel est vert enregistre ça dans ta mémoire. et pendant 5 minutes il le répétait x)
00:27 Miband       : j'ai mis un screen du ciel vert sur le discord
01:17 papimouj0j0 placed suspicious WATER_BUCKET @ world: x659, z1256
01:26 Miband       : KEKW
01:26 Miband       : kekw
01:26 Miband       : kappa
01:26 Miband       : Kappa
01:26 JBCO91       : ?
01:26 Miband       : je fais des tests pour les emotes
01:27 JBCO91       : ah ok
01:31 Miband       : gg
02:22 Miband    : kekw
02:42 JBCO91    :  placed a sign @ world: x-4, z170
  Flamme
02:46 JBCO91    :  placed a sign @ world: x23, z170
  Epines I
02:52 JBCO91    :  placed a sign @ world: x27, z167
  Patates
  Navets
  Pastèques
02:52 Miband    : salut
02:52 JBCO91    : bonne nuit
02:53 JBCO91    :  placed a sign @ world: x27, z170
  Patates
  Carottes
  Citrouilles
  Pastèques
02:54 JBCO91    :  placed a sign @ world: x-1, z157
  Blé
  Carottes
  Citrouilles
  Pastèques
12:07 Sylvere_Cine: Bien le bonjour
12:08 JBCO91      : bonjour
12:41 caliecolhe  : hello hello !
12:41 Sylvere_Cine: Salut salut
12:41 JBCO91      : bonjour
12:44 caliecolhe  : trèèès chouette l'étage du cinéma !
12:44 caliecolhe  : oh! coucou!
12:44 Sylvere_Cine: merci :)
12:45 Sylvere_Cine: c'est la sortie de secours
12:45 caliecolhe  : on peut pas sortir par là?
12:45 Sylvere_Cine: ha zut ça bloque LUL
12:46 Sylvere_Cine: j'avais pas vu
12:46 caliecolhe  : il y a un soucis avec la marche je crois aha
13:01 JBCO91      :  placed a sign @ world: x-1, z166
  Raccommodage
  Fléau arthro IV
  Lanternes
13:21 JBCO91      :  placed a sign @ world: x-1, z166
  Raccommodage
  Fléau arthro IV
  Butin I
  Lanternes
13:25 caliecolhe  :  placed a sign @ world: x61, z111
  << enchant
  os >>>
13:25 Sylvere_Cine: Le bon après midi
13:25 JBCO91      : merci toi aussi
13:49 derllire    : c'est quoi que tu construit calieclhe ?
13:49 caliecolhe  : ile bibliothèque
13:49 caliecolhe  : une
13:50 derllire    : simpat j'ai ate de voire le résultat
13:53 JBCO91      : derllire vois tu les cartes au mur ?
13:54 derllire    : oui
13:54 JBCO91      : ok merci
13:56 JBCO91      : j'avais peur que tu rates l'échelle, c'est pourquoi je t'ai suivi
13:56 derllire    : elle est incroyable la maison
13:57 JBCO91      : tu as encore un étage
13:57 JBCO91      : c'est bon tu as tout vu
13:58 JBCO91      : peux tu prendres un objet qui est dans un cadre ou ça bloque avec le claim ?
13:59 derllire    : je peut pas c'est bon
13:59 JBCO91      : ok merci c'était pour savoir
14:03 derllire    : j'ai fait un screenshot de ta maisont que mis sur la partie vos plus beau screenshots de la papote cubique sur discord
14:04 JBCO91      : merci c'est gentil de ta part
14:04 derllire    : derien
15:13 belfedia    : bonjour :)
15:14 belfedia    : mince quelqu'un est venu chez moi et laissé toutes les portes ouvertes :O
15:15 caliecolhe  : oh nooo :(
15:15 belfedia    : c'est pas très grave, mais ça fait bizarre :p
15:24 belfedia    : punaise il a fait toutes mes portes :O
15:30 JBCO91      : belfedia bonjour
15:37 JBCO91      : re, mon wi fi est tombé !
15:38 belfedia    : re, j'espère qu'il s'est pas fait mal ? :p
15:38 JBCO91      : tout va bien il a vite guéri, je n'avais plus qu'une seule barre sur le ping
15:39 belfedia    : ahh c'est derllire qui est tombé la :O
15:39 JBCO91      : :o)
15:41 belfedia    : co et paf deco :)
15:41 belfedia    : on parlait de wifi
15:46 belfedia    : faut que je me sauve, a++
15:46 JBCO91      : a+
15:48 JBCO91 placed suspicious LAVA_BUCKET @ world: x-6, z200
15:48 JBCO91 placed suspicious LAVA_BUCKET @ world: x-6, z199
15:48 JBCO91 placed suspicious LAVA_BUCKET @ world: x-5, z199
15:48 Miband      : bonne nuit o/
15:48 JBCO91 placed suspicious LAVA_BUCKET @ world: x-7, z200
15:48 JBCO91      : hello
15:48 JBCO91 placed suspicious LAVA_BUCKET @ world: x-4, z198
15:48 JBCO91 placed suspicious LAVA_BUCKET @ world: x-4, z199
15:48 JBCO91 placed suspicious LAVA_BUCKET @ world: x-3, z197
15:48 JBCO91 placed suspicious LAVA_BUCKET @ world: x-3, z198
15:48 JBCO91 placed suspicious LAVA_BUCKET @ world: x-3, z198
15:49 JBCO91 placed suspicious LAVA_BUCKET @ world: x-3, z197
15:49 JBCO91 placed suspicious LAVA_BUCKET @ world: x-3, z196
15:49 JBCO91 placed suspicious LAVA_BUCKET @ world: x-5, z200
17:43 papimouj0j0: hello
17:43 JBCO91     : hello
17:59 papimouj0j0 placed suspicious WATER_BUCKET @ world: x684, z1421
17:59 papimouj0j0 placed suspicious WATER_BUCKET @ world: x683, z1421
17:59 papimouj0j0 placed suspicious WATER_BUCKET @ world: x682, z1420
17:59 papimouj0j0 placed suspicious WATER_BUCKET @ world: x680, z1419
20:11 papimouj0j0 placed suspicious WATER_BUCKET @ world: x749, z1236
20:17 papimouj0j0: yo
20:17 JBCO91     : hello
20:17 B4lr0g_DeV0uReR: yo
20:18 Sylvere_Cine   : Salut
20:19 papimouj0j0 placed suspicious WATER_BUCKET @ world: x754, z1237
20:22 B4lr0g_DeV0uReR: c'est stylé chez jbco
20:22 papimouj0j0    : je sais pas ou c'est
20:22 B4lr0g_DeV0uReR: au spawn
20:22 Sylvere_Cine   : j'ai pas vu fini mais ça démarrait bien oui
20:23 B4lr0g_DeV0uReR: le grand manoir
20:51 B4lr0g_DeV0uReR: o/
20:51 Miband         : salut
20:51 JBCO91         : hello
20:51 Sylvere_Cine   : Salut
20:51 papimouj0j0    : yo
21:03 Miband         :  placed a sign @ world: x102, z22
  Verre coloré
  Vitres         
21:10 B4lr0g_DeV0uReR: y'a de la place où au spawn ?
21:11 Miband         : où tu veux
21:12 B4lr0g_DeV0uReR: je vais m'installer dans le terrain de foot alors Kappa
21:12 Sylvere_Cine   : Ho là tu cherches les ennuis LUL
21:12 B4lr0g_DeV0uReR: x)
21:12 Miband         : sur le terrain de tennis si tu veux (non)
21:17 B4lr0g_DeV0uReR: aie quelqu'un a des rails en masse qui lui servent pas ?
21:17 Miband         : y en a un peu dans les coffres
21:18 B4lr0g_DeV0uReR: okay je vais aller voir merci
21:18 B4lr0g_DeV0uReR: déménagement a l'ancienne faute de shulkers
21:25 Miband         :  placed a sign @ world: x270, z778
  Ring de
  boxe
21:26 Miband         :  placed a sign @ world: x269, z776
  Ring de
  boxe
21:27 papimouj0j0 placed suspicious WATER_BUCKET @ world: x643, z1260
21:27 papimouj0j0 placed suspicious LAVA_BUCKET @ world: x644, z1260
21:27 papimouj0j0 placed suspicious LAVA_BUCKET @ world: x644, z1260
21:27 papimouj0j0 placed suspicious LAVA_BUCKET @ world: x644, z1260
21:27 papimouj0j0 placed suspicious LAVA_BUCKET @ world: x644, z1260
21:29 Miband         : salut john
21:29 JohnMcEnroque  : hello mimi
21:29 JBCO91         : hello
21:29 Sylvere_Cine   : Salut
21:29 B4lr0g_DeV0uReR: yo
21:30 papimouj0j0    : yo
21:32 papimouj0j0 placed suspicious WATER_BUCKET @ world: x750, z1262
21:34 JohnMcEnroque  : Bonsoir Street
21:34 JBCO91         : :o)
21:34 JBCO91         : pratique le multi screens
21:35 JohnMcEnroque  : multi PC meme :p
21:35 Miband         : sympa l'église
21:44 B4lr0g_DeV0uReR: y'a un enderman du nether dans le phare c'est normal ?
21:44 papimouj0j0    :  placed a sign @ world: x96, z13
  OUTILS
21:44 JohnMcEnroque  : c'est quoi la difference entre un enderman du nether et un enderman?
21:45 papimouj0j0    : c'est les mêmes
21:45 Miband         : c'est le gardien du phare ? peut être
21:45 JohnMcEnroque  : ah
21:45 B4lr0g_DeV0uReR: il a un bloc de netherack verte dans la main
21:46 B4lr0g_DeV0uReR: y'en a même 2
21:46 JohnMcEnroque  : oui c'est un couple
21:46 Miband         : jamais deux sans trois
21:47 papimouj0j0    : est ce que ccun aurait des verrues du nether ?
21:47 B4lr0g_DeV0uReR: j'ai trouvé le 3ème ils sont sortis du portail non loin
21:47 JBCO91         : tu en as à côté de la maison patchwork
21:47 Sylvere_Cine   : nope j'ai pas encore pris le temps d'y aller
21:48 JohnMcEnroque  : je crois qu'il y en a dans les coffres a la sortie du world trade center
21:48 JohnMcEnroque  : pas sur par contre
21:54 Miband         : on récupère comment un trident ?
21:55 JBCO91         : il faut que le perso le perde à sa mort
21:55 B4lr0g_DeV0uReR: 1% de chance sur un zombie noyé qui a 1% de chance de pop avec
21:55 Miband         : ok merci
21:55 JBCO91         : s'il t'en lance sur toi tu les vois au sol mais tu ne peux pas les récupérer
21:56 B4lr0g_DeV0uReR: je crois que j'ai trouvé une place en face du WTC
21:56 papimouj0j0 placed suspicious WATER_BUCKET @ world: x659, z1255
21:57 B4lr0g_DeV0uReR: va falloir que je builde sur l'eau du coup
21:57 Miband         : comme venise
22:04 B4lr0g_DeV0uReR: ouais ptete pas a la même échelle x)
22:05 Miband         : Murano si tu veux, comme venise mais en plus petit et tout aussi beau
22:07 B4lr0g_DeV0uReR: le terrain charge pas
22:28 JohnMcEnroque  : ça rame un peu mimi
22:28 JohnMcEnroque  : (je me plains pas hein, c'est pour signaler 23h28)
22:28 Miband         : oui je vois
22:29 B4lr0g_DeV0uReR: ça a pas bougé depuis mes rollbacks de tout a l'heure j'étais dans le nether ça chargeait mal
22:31 Sylvere_Cine   : La bonne nuitée tout le monde
22:31 JBCO91         : bn
22:31 JohnMcEnroque  : Bonne nuit
22:31 Miband         : bye
22:31 B4lr0g_DeV0uReR: bonne nuit
22:32 JohnMcEnroque  : j'y vais aussi, bonne nuitée les petiots
22:32 B4lr0g_DeV0uReR: bn john
22:32 JBCO91         : bn
22:32 Miband         : slt
22:49 B4lr0g_DeV0uReR: je perds mon minecart dans le nether
22:49 B4lr0g_DeV0uReR: il disparait après être passé dans le portail x)
22:54 B4lr0g_DeV0uReR: je déco aussi du coup
22:54 B4lr0g_DeV0uReR: bonne nuit
22:54 JBCO91         : bn
22:54 Miband         : a+
23:27 papimouj0j0    :  placed a sign @ world: x693, z1306
  DANGER !!!
  Biome du
  WARDEN !
23:29 papimouj0j0    :  placed a sign @ world: x686, z1306
  DANGER !!!
  Biome du
  WARDEN !
23:34 papimouj0j0 placed suspicious WATER_BUCKET @ world: x620, z1251
23:34 papimouj0j0 placed suspicious WATER_BUCKET @ world: x620, z1251
23:44 Miband         : a+
