23:58 Miband         :  placed a sign @ world: x109, z18
  ^^^^^^^^^^^^^^^
  LES COFFRES
  DE LA FLEMME
  ¨¨¨¨¨¨¨¨¨¨¨¨¨¨¨¨¨¨
00:07 caliecolhe     : keske
00:07 Miband         : j'essai de faire un succès
00:08 caliecolhe     : qu'est-ce que c'est ce machin?
00:08 Miband         : une créature du nether
00:08 caliecolhe     : wow, c'est vraiment pas beau
00:19 Miband         : si tu vois un lac de lave dans le stade c'est moi, c'est temporaire
00:29 Miband         : \o/
00:29 JBCO91         : gg
00:30 Miband         : si vous voulez le succès, c'est au stade
00:30 caliecolhe     : oooooooooooooooooooooh GG
00:30 Miband         : ou sinon je rebouche
00:30 JBCO91         : je viens vous voir vous balader
00:31 caliecolhe     : ce serait encore du vol d'avoir ce succès sans être entrée dans le neither Kappa
00:31 Miband         : personne le dira Kappa
00:32 Miband         : faut le diriger avec la canne
00:32 caliecolhe     : qu'est-ce que je suis censé faire?
00:32 Miband         : tu dois marcher 50 bloc dans la lave sur son dos
00:32 JBCO91         : tu organises des courses ?
00:33 Miband         : je paris sur cali
00:33 JBCO91         : elle a une cote à combien ?
00:33 Miband         : gg
00:33 caliecolhe     : comment je descends??
00:33 Miband         : accroupi toi
00:34 caliecolhe     : vraiment du vol ce succès mais let's goooooooooooooooooo \o/
00:34 Miband         : va t'il y arriver ? :o
00:35 Miband         : tu dois marcher tout le long d'un coup
00:35 Miband         : vous êtes beau
00:35 JBCO91         : je n'avais jamais essayé
00:36 JBCO91         : ce qui fait bizarre c'est que tu ne vois pas la tête de ta monture
00:36 Miband         : première fois que je le fais aussi
00:37 caliecolhe     : ça mériterait un article dans le journal tout ça
00:37 Miband         : les succès de cali ? :o
00:37 caliecolhe     : "éruption volcanique et course illégales au stade de TSY, une enquête exclusive"
00:38 caliecolhe     : courses*
00:39 Miband         :  placed a sign @ world: x106, z-3
  TERRE
00:39 Miband         :  placed a sign @ world: x106, z-3
  TERRE
00:44 belfedia       : hello/re je sais plus, le sommeil me fuit donc je me refugie ici.
00:45 JBCO91         : bonsoir
00:45 Miband         : bsr
00:45 caliecolhe     : re je crois :)
01:17 caliecolhe     : bibliothèque quasi bouclée \o/ je fiiiile bonne soirée
01:17 Miband         : salut
01:17 JBCO91         : bonne nuit
01:28 Miband         : street t'as une patte de lapin s'il te plaît ?
01:29 JBCO91         : ah non je n'ai pas ça
01:29 Miband         : ok pas grave merci
01:37 Miband         :  placed a sign @ world: x105, z14
  MATERIAUX
  POTIONS
01:46 Miband         : t'as des écailles de tortue street ?
01:46 JBCO91         : mauvaise pioche ce soir je n'en ai pas non plus
01:46 Miband         : ok
02:26 belfedia       : bonne fin de nuit :)
02:26 Miband         : bn
02:26 belfedia       : je vais essayer de dormir
02:26 JBCO91         : bonne nuit
03:02 JBCO91         : bonne nuit
03:02 Miband         : bonne nuit
10:43 caliecolhe     :  placed a sign @ world: x128, z97
  vide-poche
11:14 caliecolhe     : heyyy
11:58 caliecolhe     : hello hello
11:58 Miband         : \o
11:59 belfedia       : le petit passage de midi slt/re
12:10 Sylvere_Cine   : Bonjour
12:10 caliecolhe     : hello !
12:11 Miband         : slt
12:16 Sylvere_Cine   : re. J'ai eu une vieille coupure internet
12:16 belfedia       : ça arrive :( salut a toi :)
12:17 Sylvere_Cine   : vous allez bien en cette belle journée ?
12:17 Miband         : super
12:18 belfedia       : on fait aller, pas que des bonnes nouvelles, mais minecraft ça détend
12:18 Sylvere_Cine   : mine bien alors. C'est vrai que ça fait une pause hors du temps bien sympa :)
12:20 Sylvere_Cine   : Ha y a des brigands ici
12:20 belfedia       : des pillards ?
12:20 Sylvere_Cine   : oui
12:20 caliecolhe     : une invasion? besoin d'un coup de main?
12:20 Sylvere_Cine   : ils sont 4 mais j'ai qu'une épée
12:21 caliecolhe     : t'es où?
12:21 Sylvere_Cine   : derrière le théâtre
12:23 Sylvere_Cine   : merci :)
12:23 caliecolhe     : t'es infecté?
12:23 Sylvere_Cine   : nope
12:23 caliecolhe     : \o/
12:41 belfedia       : la géode en 503,16,32 est a quelqu'un ?
12:41 Sylvere_Cine   : je ne sais pas
12:41 Miband         : pas que je sache
12:41 belfedia       : pas d'entrée et pas de porte ou panneau
12:42 Miband         : on a plein de géode de toute façon
12:42 belfedia       : oui mais j'ai lu (sur le discord je crois) qui fallait pas les casser ?
12:42 Miband         : mine les cristaux mais pas les blocs si tu veux que ça repousse
12:43 belfedia       : je sais, mais j'ai cru que cétait une règle serveur
12:43 Miband         : non du tout
13:00 belfedia       :  placed a sign @ world: x410, z7
  Géode
13:08 belfedia       :  placed a sign @ world: x503, z-31
  Geode
  Belfedia
13:16 belfedia       : y'a un village pas loin du spawn pour prélever des villageois ?
13:17 Miband         : y a un spawn de villageois près de la maison de john
13:17 caliecolhe     : derrière chez minimoi je crois?
13:17 caliecolhe     : aaah bah encore mieux \o/
13:17 belfedia       : et la maison de john ?
13:17 caliecolhe     : après les écuries
13:17 Miband         : -1 64 -1
13:17 caliecolhe     : en direction du chateau
13:17 belfedia       : merci miband
13:18 Miband         : y a un monticul de terre, ils sont dedans
13:18 belfedia       : il a fait une usine de repro ?
13:18 Miband         : street a fait ça je crois
13:19 belfedia       : parceque mon but c'est de prélever 2 villageois, pas de piller la ressource :)
13:19 Miband         : où sinon oui t'as des villages autour
13:20 belfedia       : je demande parceque je vois aucun village proche sur ma map
13:21 Miband         : oui il a l'est y en a pas, faut allez au nord ou au sud
13:21 Miband         : le plus proche se trouve derrière la pyramide de miniwoim
13:22 belfedia       : ahhh la pyramide, je vois :)
13:22 caliecolhe     : tu veux que je te montre?
13:22 caliecolhe     : yep je t'entendsq
13:22 caliecolhe     : yep c'est ça
13:24 belfedia       : la vache a des endroits la ville, c'est un champ de mines explosées :p
13:27 belfedia       : on est en quel niveau de diff ? :)
13:27 Miband         : normale
13:30 belfedia       : je vais attendre la fin de la nuit, sinon je vais exploser un batiment avec tous ces creepers :O
13:31 Miband         : tu cours plus vite que les creepers
13:31 belfedia       : pas dans le canyons :p
13:32 belfedia       : j'ai trouvé le village :)
13:33 Sylvere_Cine   : Aller, je retourne à mon cinéma. Le bon après midi tout le monde
13:33 Miband         : a+
13:34 belfedia       : ca va être chaud le trajet héhé
13:37 B4lr0g_DeV0uReR: yo
13:37 caliecolhe     : hey
13:48 belfedia       : je me sauve, a++
13:48 B4lr0g_DeV0uReR: bon aprem
13:48 Miband         : slt
13:48 belfedia       : a toi aussi
13:48 caliecolhe     : a +
13:51 Miband         :  placed a sign @ world: x105, z14
  MATERIAUX
  POTIONS
13:56 B4lr0g_DeV0uReR:  placed a sign @ world: x-67, z104
  UN TRUC
  QUE JE FAIS 
  TROP RAREMENT !
  UNE BASE x)
13:56 B4lr0g_DeV0uReR:  placed a sign @ world: x-67, z104
  UN TRUC
  QUE JE FAIS 
  TROP RAREMENT !
  UNE MAISON ! x)
13:58 B4lr0g_DeV0uReR: gg !
13:58 Miband         : \o/
13:58 caliecolhe     : gg
13:59 caliecolhe     : ça se shoot à la base, supeeeeeeer
13:59 Miband         : :x
14:02 Miband         : mdr
14:02 B4lr0g_DeV0uReR: gg
14:02 caliecolhe     : gg
14:03 Miband         : j'ai fais explosé le spawn :s
14:03 B4lr0g_DeV0uReR: ah bah bravo
14:03 caliecolhe     : oh zuuut
14:05 Miband         : j'ai pas fais exprès
14:05 B4lr0g_DeV0uReR: joli trou
14:05 Miband         : mdrr
14:05 B4lr0g_DeV0uReR: meme le toit a prit cher
14:05 Miband         : je savais pas que ça explosais
14:06 B4lr0g_DeV0uReR: la réserve palmade a survécu x)
14:08 B4lr0g_DeV0uReR:  placed a sign @ world: x106, z-3
  TERRE
14:11 Miband         : merci b4lr0g
14:13 caliecolhe     : c'est presque comme neuf gg
14:14 caliecolhe     : besoin d'un coup de main?
14:14 Miband         : oui
14:15 Miband         : gg
14:15 caliecolhe     : gg
14:15 B4lr0g_DeV0uReR: gg
14:15 B4lr0g_DeV0uReR: ah
14:17 B4lr0g_DeV0uReR: j'ai du merdier qui n'était pas a moi du coup
14:17 Miband         : c'est cadeau mdr
14:17 B4lr0g_DeV0uReR: mdr merci
14:17 caliecolhe     : j'ai des vitres pas loin
14:18 caliecolhe     : j'arrive
14:19 B4lr0g_DeV0uReR:  placed a sign @ world: x-67, z104
  UN TRUC
  QUE JE FAIS 
  TROP RAREMENT !
  UNE MAISON ! 
14:20 B4lr0g_DeV0uReR:  placed a sign @ world: x-67, z104
  CA VA ETRE
  QUOI ICI?
14:21 B4lr0g_DeV0uReR: je cherche encore quoi build
14:22 Miband         : ça part bien en tout cas
14:22 B4lr0g_DeV0uReR: merci ^^
14:22 B4lr0g_DeV0uReR: je vais repartir en grotte m'faut plus de minerais encore
14:35 Miband         : \o/
14:45 caliecolhe     :  placed a sign @ world: x186, z52
  il n'y a 
  absoluement
  aucun tunnel
  pour s'enfuir ici
14:48 B4lr0g_DeV0uReR: ça interresse qqn du cuivre ?
14:48 B4lr0g_DeV0uReR: gg
14:48 Miband         : tu peux toujours en prendre
14:49 B4lr0g_DeV0uReR: ma grotte est bourrée de cuivre
14:49 caliecolhe     : gg mimi !
14:49 B4lr0g_DeV0uReR: ouais j'ai pas tant de place sur moi je vise du fer en prio
14:49 caliecolhe     : on a une bonne réserve de cuivre au spawn je crois
14:49 Miband         : merci
14:50 Miband         : t'encombre pas avec du cuivre alors ou met le dans un coffre
14:51 B4lr0g_DeV0uReR: d'acc
14:52 B4lr0g_DeV0uReR: t'as creusé un trou jusqu'a la bedrock et t'es montée tout en haut du coup ?
14:52 Miband         : oui
14:53 Miband         : il y est encore au spawn si vous voulez
14:53 B4lr0g_DeV0uReR: d'accord :p
14:53 Miband         : je vais y mettre une échelle
15:00 Miband         :  placed a sign @ world: x115, z43
  Pour le
  succès
  Tombé du ciel
15:01 B4lr0g_DeV0uReR: ces cavernes infinies ça me rappelle les fallen kingdoms vous avez connu ?
15:01 Miband         : oui
15:03 B4lr0g_DeV0uReR: c'était le feu ça daaate
15:03 Miband         : ça existe encore des trucs du genre maintenant ?
15:05 B4lr0g_DeV0uReR: je sais pas, j'imagine que certaines personnes ressortent des vieilles versions 1.12 pour y jouer
15:08 Miband         :  placed a sign @ world: x116, z44
  saute dans le
  trou, il y a de
  l'eau tout en bas
  /!\
15:11 Miband         :  placed a sign @ world: x87, z-2
  FER
  OR
  CHARBON
15:13 B4lr0g_DeV0uReR: après adapter le concept du FK en 1.20 ça doit se faire
15:13 Miband         : sûrement
15:14 B4lr0g_DeV0uReR: je sais que tout était décoré par des mappeurs cependant je sais pas si y'a un algorithme de génération
15:27 B4lr0g_DeV0uReR: o/
15:27 Miband         : \o
15:27 Sylvere_Cine   : re
15:37 caliecolhe     : re!
15:39 Sylvere_Cine   : re
15:41 Sylvere_Cine   :  placed a sign @ world: x173, z78
  Félix Faure
  "La Pompe
  Funèbre"
15:43 caliecolhe     :  placed a sign @ world: x239, z-166
  bientôt 
  la caserne de
  pompier de
  TSY
15:43 Miband         : y a quelqu'un au spawn ?
15:43 B4lr0g_DeV0uReR: pas moi
15:43 Miband         : vous pouvez me dire si les villageois vendent du slime ?
15:44 B4lr0g_DeV0uReR: les marchands itinérants oui normalement
15:44 B4lr0g_DeV0uReR: je suis sous un marais si ça t'intéresse
15:44 Miband         : ceux avec lama ?
15:44 B4lr0g_DeV0uReR: yes
15:44 Miband         : ok merci
15:55 B4lr0g_DeV0uReR: rip le spawner de zombie
15:55 Miband         : il a explosé ?
15:55 B4lr0g_DeV0uReR: putain il a pété le loooooot en plus envie de crever
15:55 B4lr0g_DeV0uReR: 2 d'affilée quoi
15:56 B4lr0g_DeV0uReR: le spawner spawn 3 Zombies d'un coup, le creeper s'est planqué derrière eux pour exploser dans les coffres
15:57 B4lr0g_DeV0uReR: un autre passe derrière et plus de loot
15:58 B4lr0g_DeV0uReR: en vrai rien de perdu y'avait une selle en or c'est tout
15:58 Miband         : ça va alors
15:58 B4lr0g_DeV0uReR: juste le gros seum de m'être fait bully comme un noob xD
15:59 caliecolhe     : je dois filer ! a +
15:59 Miband         : a+
15:59 B4lr0g_DeV0uReR: ++
15:59 Sylvere_Cine   : ++
16:00 B4lr0g_DeV0uReR: y'avait un autre spawner a coté
16:00 B4lr0g_DeV0uReR: la deception
16:30 B4lr0g_DeV0uReR: je crois que j'ai trouvé ou faut sauter Kappa
16:31 Miband         : c'est un moche désolé Kappa
16:31 Miband         : peu
16:31 B4lr0g_DeV0uReR: mais ça se voit
16:31 B4lr0g_DeV0uReR: je vais couper mon shader avant de tuer ma CG x)
16:32 Miband         : avec ma 2060 moi ça va
16:33 Miband         : j'ai tout mis en ultra
16:34 B4lr0g_DeV0uReR: j'ai une msi qui n'a même plus de maj pilotes LUL
16:34 Miband         : ah
16:35 B4lr0g_DeV0uReR: y'a de l'eau dans le trou
16:35 Miband         : oui tout en bas
16:35 B4lr0g_DeV0uReR: non en plein milieu xD
16:35 Miband         : ah mince j'ai oublié
16:36 B4lr0g_DeV0uReR: c'était si long pour monter xD
16:36 Miband         : c'est en voulant remonté que j'ai mis, j'ai oublié
16:38 B4lr0g_DeV0uReR: j'ai rebouché
16:38 Miband         : \o/
16:39 B4lr0g_DeV0uReR: je vais me perdre dans les galeries c'est sur
16:39 Miband         : ça va le faire
16:39 B4lr0g_DeV0uReR: clairement pas XD
16:40 B4lr0g_DeV0uReR: je pose mes torches a droite et je creuse en ligne droite je coupe jamais mes galeries xD
16:40 B4lr0g_DeV0uReR: j'ai piffé j'ai eu de la chance
16:41 Miband         : gg
16:45 B4lr0g_DeV0uReR: je voulais faire ce succès en solo je m'ennuyais j'ai commencé a creuser 1 chunk de large avec des outils en pierre
16:46 Miband         : tu peux continuer, avec des outils en bois
16:46 B4lr0g_DeV0uReR: arrivé dans les couches négatives j'ai abandonné
16:47 B4lr0g_DeV0uReR: je voulais le faire sans eau en bas
16:47 Miband         : sans eau t'as pas le succès
16:47 B4lr0g_DeV0uReR: survivre avec un totem ça compte ?
16:47 Miband         : je pense pas
16:47 B4lr0g_DeV0uReR: oui mais en posant mon seau au bon moment quoi
16:47 Miband         : ah oui
16:48 Miband         : gg
16:48 B4lr0g_DeV0uReR: ty
16:51 B4lr0g_DeV0uReR: dé à coudre, mais du haut de la map
16:51 Miband         : ça va être long a remonter a chaque fois
16:51 Miband         : faudrait un ascenseur
16:51 B4lr0g_DeV0uReR: avec des bubulles ?
16:52 Miband         : oui voilà
17:04 B4lr0g_DeV0uReR: j'ai perdu un cd
17:04 Miband         : celui dans le jukebox ?
17:04 B4lr0g_DeV0uReR: ouais
17:05 Miband         : il y étais quand je suis venu
17:05 B4lr0g_DeV0uReR: j'ai pas cliqué dessus et il était plus dedans :/
17:07 Miband         : j'ai 3 cd dans mon enderchest peu être que j'aurais la même couleur que le tien
17:08 B4lr0g_DeV0uReR: ah ? c'était un violet mall je crois
17:09 Miband         : j'arrive, je suis un peu loin, je vais voir si je peux t'en donner
17:10 B4lr0g_DeV0uReR: au pire c'est pas grave, je comptais faire une usine à CD mais faut que je sache si un squelette archer renomé fini quand même par dépop
17:10 Miband         : je pense pas
17:10 Miband         : je suis pas sûr par contre
17:10 B4lr0g_DeV0uReR: j'ai l'impression que n'importe quelle entité finit par despawn
17:11 B4lr0g_DeV0uReR: j'ai perdu tout mes minecarts chest qui étaient sur des rails blindés d'items x)
17:11 Miband         : après les minecraft c'est différent je crois, ça a toujours bugué ça
17:11 Miband         : minecart*
17:13 B4lr0g_DeV0uReR: ptete sur serveur
17:14 Miband         : je rentre par le nether, je croise les doigts pour pas mourir
17:14 B4lr0g_DeV0uReR: t'es loin ?
17:14 Miband         : a 10000 bloc du spawn
17:14 Miband         : dans le monde normal
17:15 Miband         : 1000 bloc dans le nether
17:15 B4lr0g_DeV0uReR: ouais je me doute ça fait 1200 a peu près
17:15 B4lr0g_DeV0uReR: GL du coup
17:16 B4lr0g_DeV0uReR: d'experience, je garde en permance une potion de résistance au feu
17:17 Miband         : dans le nether j'ai plus peur de mourir de chute moi
17:17 B4lr0g_DeV0uReR: ça va très vite, surtout dans la lave
17:18 Miband         : les ptits lag de ma connexion, un plaisir x)
17:18 B4lr0g_DeV0uReR: KEKW
17:22 B4lr0g_DeV0uReR: damn
17:22 Miband         : a croire que c'est fait exprès
17:22 Miband         : heureusement je l'ai senti venir
17:23 B4lr0g_DeV0uReR: j'avoue tant mieux
17:25 B4lr0g_DeV0uReR: y'a de plus en plus de tortues sur mon ile je vais les fumer xD
17:26 Miband         : reprodui les pour avoir des écailles avant
17:41 Miband         : je suis bien rentré \o/
17:41 B4lr0g_DeV0uReR: gg ^^
17:42 Miband         : j'ai un cv vert, un jaune et blanc et un bleu et vert
17:43 B4lr0g_DeV0uReR: CV ? le truc pour custom les armures c'est ça ?
17:43 Miband         : cd*
17:43 B4lr0g_DeV0uReR: aaah
17:44 B4lr0g_DeV0uReR: merci ^^
17:44 Miband         : dr
17:45 B4lr0g_DeV0uReR: j'éviterais de le laisser dans le jukebox
17:45 Miband         :  placed a sign @ world: x100, z22
  ^^^^^^^^^^^^^^
  BLOCS
  CONSTRU
17:46 Miband         :  placed a sign @ world: x87, z-3
  Minerais
  "Rares"
17:46 B4lr0g_DeV0uReR: j'ai déjà mall en plus c'était un bleu
17:46 B4lr0g_DeV0uReR: mall il est violet
17:46 Miband         : faudra faire un raid a la recherche des cd
17:47 B4lr0g_DeV0uReR: je peux laisser les oeufs de tortue sans surveillance ?
17:47 Miband         : oui, mais faut rester a côté pour qu'ils éclo
17:47 Miband         : fin proche du chunk quoi
17:48 Miband         : je vais manger a+
17:48 B4lr0g_DeV0uReR: bon app
17:54 B4lr0g_DeV0uReR: RI¨P
19:14 Miband         : re
19:17 Sylvere_Cine   : Bonsoir
19:17 Miband         : salut
20:10 JBCO91         : bonsoir
20:43 JBCO91         : bonsoir
20:44 Miband         : hey
20:44 Sylvere_Cine   : Salut
21:04 JohnMcEnroque  : mesdames messieurs bonsoir
21:04 Sylvere_Cine   : Bien le bonsoir
21:04 JBCO91         : hello
21:04 JohnMcEnroque  : ptain, c'est quoi ces tortues???
21:04 JohnMcEnroque  : LUL
21:05 Sylvere_Cine   : tu as une invasion de tortues ?
21:05 JohnMcEnroque  : pas qu'un peu oui
21:05 Sylvere_Cine   : Le grand soulèvement a commencé LUL
21:12 Miband         : yo john
21:12 JohnMcEnroque  : hello mimi
21:13 Miband         : c'est moi les tortues hier soir, me fallait des écailles
21:13 JohnMcEnroque  : t'as trouvé ton bonheur?
21:13 Miband         : oui
21:13 JohnMcEnroque  : c'est surprenant
21:13 Miband         : tu peux limiter ta population
21:14 JohnMcEnroque  : ?
21:14 Miband         : les tuer
21:14 JohnMcEnroque  : ah ben oui
21:14 JohnMcEnroque  : je pensais qu'il y'avait une astuce
21:14 JohnMcEnroque  : non mais t'inquiete pas je vais faire le tri
21:15 Miband         : ah non pas pour ca
21:28 JohnMcEnroque  : Bon coup de bol, 3 debris antiques au meme endroit
21:28 Miband         : gg
21:28 Sylvere_Cine   : gg
21:29 Sylvere_Cine   : Bon aller moi je suis claqué et j'ai une série de réunions qui commencent tôt demain. La bonne nuit les amis
21:30 JohnMcEnroque  : bon courage Sylvere
21:30 JBCO91         : bonne nuit
21:30 JohnMcEnroque  : bonne nuit
21:30 Miband         : dors bien
21:30 Sylvere_Cine   : Merci :)
21:30 JohnMcEnroque  : j'ai pété un score
21:30 JohnMcEnroque  : squr les reunions
21:30 JohnMcEnroque  : mercredi réunion à 5h30
21:30 Miband         : lequel
21:30 JohnMcEnroque  : \o/
21:30 Miband         : ça va
21:33 Miband         : ça dépend, mais moi en réunion j'en profite pour faire une pause, a 5h30 je dis pas non
21:37 Miband         : a la prochaine réunion invite les sur le serveur, y a des sièges dans l'école
22:06 JohnMcEnroque  : bonne idée!
22:07 Miband         : et si l'équipe est grande, le stade
22:14 caliecolhe     : coucou coucou !
22:14 JBCO91         : bonsoir
22:14 JohnMcEnroque  : hellooooo
22:16 caliecolhe     :  placed a sign @ world: x229, z-163
  future
  caserne
  de
  pompier
22:17 Miband         : o/
22:21 caliecolhe     : wouaaaaaaaaaaaah la taille de l'échelle au spawn INCR KEKW
22:21 Miband         : pour aller sur la lune
22:29 caliecolhe     :  placed a sign @ world: x143, z102
  toutes les
  armes qui ne
  peuvent plus
  être réparées
22:40 JohnMcEnroque  : bonne nuit
22:40 caliecolhe     : bonne nuit \o/
22:40 JBCO91         : bonne nuit
22:41 JohnMcEnroque  : tu construis quoi Calie?
23:19 caliecolhe     :  placed a sign @ world: x134, z98
  l'Atelier
