06:11 JBCO91         :  placed a sign @ world: x-1, z163
  Perforation IV
  Impulsion II
06:12 JBCO91         :  placed a sign @ world: x-4, z151
  Chute amortie III
  Impulsion II
06:13 JBCO91         :  placed a sign @ world: x-1, z151
  Chute amortie IV
  Charge rapide II
06:14 JBCO91         :  placed a sign @ world: x5, z151
  Recul II
  Protection I
06:15 JBCO91         :  placed a sign @ world: x11, z151
  Affilage III
  Canalisation
06:17 JBCO91         :  placed a sign @ world: x23, z151
  Frappe II
  Prot° explos° II
08:11 JBCO91         :  placed a sign @ world: x11, z170
  Fléau arthrop IV
  Agilité aqua II
09:42 belfedia       : bonjour
09:42 JBCO91         : hello
09:42 Miband         : bonjour
09:43 belfedia       : personne n'est jamais sur le chat vocal minecraft du discord ?
09:43 JBCO91         : je n'y vais pas
09:43 Miband         : je vocal jamais moi
09:44 Miband         : les autres vocal en jeu pas sur discord
09:44 belfedia       : oki
10:01 belfedia       :  placed a sign @ world: x412, z4
  Poissons
10:37 Miband         : gg
10:37 belfedia       : :)
12:07 belfedia       : Bon ça avance, je vous laisse, bon appétit si ce n'est pas fait :)
14:27 B4lr0g_DeV0uReR placed suspicious WATER_BUCKET @ world: x1800, z1799
14:27 B4lr0g_DeV0uReR placed suspicious WATER_BUCKET @ world: x1801, z1800
14:58 B4lr0g_DeV0uReR: yo
14:58 derllire       : yo
15:13 Sylvere_Cine   : Salut
15:14 B4lr0g_DeV0uReR: hello
15:15 B4lr0g_DeV0uReR: je pète un cable
15:16 Sylvere_Cine   : ha ?
15:16 Sylvere_Cine   : qu'est ce qu'il se passe ?
15:16 B4lr0g_DeV0uReR: j'arrive pas a faire passer un minecart chest dans le nether j'ai bouffé tout mon fer dans des tests et ça marche pa
15:17 Sylvere_Cine   : faire passer un rail dans le nether c'est ça ?
15:17 Sylvere_Cine   : je sais que ça se fait mais pas comment. Dsl
15:17 B4lr0g_DeV0uReR: juste le minecart avec un coffre dedans
15:18 B4lr0g_DeV0uReR: il dispawn a peine passé dans le netheralors que les items que je lance a travers passent
15:18 Sylvere_Cine   : ha zut
15:19 B4lr0g_DeV0uReR: meme au retour il passe pas
15:19 B4lr0g_DeV0uReR: y'a que au spawn que ça fonctionne
15:20 Sylvere_Cine   : Là j'avoue je ne saurai t'aider
15:20 cassiopeaprinces: bjr
15:20 Sylvere_Cine    : Coucou
15:20 B4lr0g_DeV0uReR : yo cassio
15:20 B4lr0g_DeV0uReR : tkt Sylvere
15:21 cassiopeaprinces: mdr yo a l'ancienne
15:21 Sylvere_Cine    : Tu utilises les bons matériaux pour traverser ? Faut pas un truc du genre qui vient du nether ?
15:21 B4lr0g_DeV0uReR : ça marche au spawn
15:22 cassiopeaprinces: de quoi vous parler?
15:22 Sylvere_Cine    : ha oui c'est vrai
15:22 B4lr0g_DeV0uReR : de méthode de transport d'items préhistoriques x)
15:23 B4lr0g_DeV0uReR : de passer des minecart coffres dans le nether mais j'y arrive pas ça déspawn avant d'arriver nether
15:30 B4lr0g_DeV0uReR : les minecarts coffres ont un poids maintenant
15:30 B4lr0g_DeV0uReR : terrible xD
15:31 Sylvere_Cine    : le pir étant que ça marche au spawn...
15:31 B4lr0g_DeV0uReR : bin oui
15:32 cassiopeaprinces:  placed a sign @ world: x64, z107
  ARCS
15:37 Sylvere_Cine    : si jamais ça peut t'aider j'ai ramené quelques rails à la base centrale. Si jamais
15:39 Sylvere_Cine    : Bonjour tout le monde
15:39 JBCO91          : bonjour
15:39 B4lr0g_DeV0uReR : hello ^^
15:39 derllire        : salut
15:39 B4lr0g_DeV0uReR : merci sylvere c'est simpa :)
15:40 Sylvere_Cine    : de rien. Ce que j'utilise pas, je le range là bas
15:45 B4lr0g_DeV0uReR : gg
15:45 cassiopeaprinces: gg
15:46 derllire        : mercie
16:15 B4lr0g_DeV0uReR : o/
16:18 B4lr0g_DeV0uReR : normalement, je dirais ?
16:18 B4lr0g_DeV0uReR : le minecart disparait sans laisser de trace x)
16:20 B4lr0g_DeV0uReR : j'ai testé sans ressources
16:23 B4lr0g_DeV0uReR : ils pouvaient pas l'etre plus, j'ai même tenté de casser celui nether pour le regénerer par l'overworld, rien n'y fait
16:23 B4lr0g_DeV0uReR : dans les deux sens ça passe pas
16:27 B4lr0g_DeV0uReR : tu as surement raison la dessus
16:36 Sylvere_Cine    : Je vous dis une bonne fin d'AM. Je repasserai en soirée
16:36 B4lr0g_DeV0uReR : quelqu'un est dispo pour qu'on essaie ?
16:36 B4lr0g_DeV0uReR : okay merci toi aussi
16:36 JBCO91          : a+
16:37 Sylvere_Cine    : B4lr0g, c'est vite fait le test ?
16:37 B4lr0g_DeV0uReR : oui j'ai juste besoin de quelqu'un coté nether pour que j'envoie un cart
16:37 Sylvere_Cine    : vazy j'arrive vite fait avant de déco
16:38 B4lr0g_DeV0uReR : merci bcpz
16:38 Sylvere_Cine    : y a un raccourci pour te rejoindre ?
16:39 B4lr0g_DeV0uReR : oui tu prends le portail du spawn et tu suis la cobble qui montes sur la cage en briques du nether
16:43 B4lr0g_DeV0uReR : jvais t'envoyer le cart
16:43 Sylvere_Cine    : ok
16:43 B4lr0g_DeV0uReR : reçu ?
16:43 Sylvere_Cine    : je l'ai vu
16:43 B4lr0g_DeV0uReR : d'acc
16:44 Sylvere_Cine    : mais j'ai pas réussi à le prendre
16:44 B4lr0g_DeV0uReR : et si tu le renvoies ?
16:44 B4lr0g_DeV0uReR : jviens de prendre une boule de feu
16:45 Sylvere_Cine    : AIE
16:45 Sylvere_Cine    : j'ai une grosse bête volante qui me lance des boules de feu
16:46 Sylvere_Cine    : le portail s'est éteint
16:46 B4lr0g_DeV0uReR : bon bah merci je sais que ça marche si c'est chargé du coup
16:46 Sylvere_Cine    : je fuis LUL
16:46 B4lr0g_DeV0uReR : oui c'était un Ghast Xd
16:46 B4lr0g_DeV0uReR : j'ai pris 4 boules dans ma trogne depuis le portail mdr
16:46 Sylvere_Cine    : ha zut
16:47 Sylvere_Cine    : bon je voyais bien le coffre mais j'arrivais pas à le prendre
16:47 B4lr0g_DeV0uReR : tu l'as cassé ?
16:47 Sylvere_Cine    : quand je tape dessus il a disparu
16:47 B4lr0g_DeV0uReR : j'ai récup sinon oui les items qui passent dans le portail sont tp instantanément
16:48 Sylvere_Cine    : bon je reviendrai faire un test du nether plus tard LUL
16:48 B4lr0g_DeV0uReR : prends ton temps en tout cas merci bcp ^^
16:49 Sylvere_Cine    : parce qu'en dehors de construire le portail je connais pas du tout et c'est pas rassurant de prime abord LUL
16:49 Sylvere_Cine    : je sais pas si ça t'a aidé beaucoup mais plaisir d'avoir assité :)
16:49 B4lr0g_DeV0uReR : sisi tu m'as bien aidé :D
16:50 Sylvere_Cine    : Ha cool :)
16:51 Sylvere_Cine    : Cassiope, tu fais peur à rester immobile au milieu des coffres. On dirait la gardienne des lieux LUL
16:52 Sylvere_Cine    : Aller bonne fin d'après midi. Certainement à ce soir
17:01 B4lr0g_DeV0uReR : yep, j'ai juste pas de chunkloader
17:03 derllire        : j'ai clem ma bibliotech mais je sais pas si je l'ai bien fait esse que quelle qu'un pourait voire si c'est bon
17:05 derllire        : esse que une personne pourait éssayer d'ouvrir un cofre de ma salle des coffres
17:06 JBCO91          : j'arrive
17:07 B4lr0g_DeV0uReR : pas bête derlire
17:07 B4lr0g_DeV0uReR : j'ai pas pensé a claim nether
17:07 derllire        : mercie JBC091
17:07 JBCO91          : tu es dans le nether ?
17:08 B4lr0g_DeV0uReR : j'ai envie de crever, j'ai mis toute ma base dans des minecarts tout a dépop...
17:10 JBCO91          : je ne peux pas l'ouvrir
17:10 derllire        : parfait mercie
17:10 JBCO91          : c'est bon pour tous
17:10 derllire        : oui mercie
18:48 cassiopeaprinces: CC
18:58 belfedia        :  placed a sign @ world: x410, z2
  Ardoise des abimes
  Taillées
18:58 belfedia        :  placed a sign @ world: x410, z2
  Ardoise des abimes
  Taillée
19:16 JBCO91          : re
19:16 belfedia        : re :)
19:22 belfedia        : bonsoir
19:22 JohnMcEnroque   : Hola
19:22 JBCO91          : hello John
19:43 belfedia        : Omg les animaux avancent pas :(
19:44 JBCO91          : coup de pied au Q !
19:44 belfedia        : ils sont figés pendant 10 secondes, pis ils avancent et re-figé
19:48 belfedia        : Bon ben c'est pas possible de ramener des animaux chez soi en les attirant, faudra que je fasse une laisse :p
19:48 JohnMcEnroque   : quelle bestiole?
19:48 belfedia        : moutons en ce qui me concerne
19:49 JohnMcEnroque   : ils suivent pas le blé?
19:49 belfedia        : si pendant 1 seconde et 10 secondes de freeze, et recommence
20:00 belfedia        :  placed a sign @ world: x410, z3
  Roche
20:00 belfedia        :  placed a sign @ world: x410, z3
  Roche
20:04 JohnMcEnroque   : ça sert à quoi les coquilles de nautile?
20:05 JBCO91          : pour faire un conduit avec un coeur de la mer ce qui te permet de respirer sous l'eau à l'infini
20:05 belfedia        : pour faire des conduits (tuyau)
20:05 JohnMcEnroque   : pendant un certain temps?
20:05 JBCO91          : non illimité
20:06 JohnMcEnroque   : ah ouais, c'est pas mal ça, non?
20:06 belfedia        : Oui mais faut le poser
20:07 JohnMcEnroque   : ok je vais regarder ce que c'est
20:07 belfedia        : c'est pas un équipement que tu portes
20:07 JohnMcEnroque   : ah
20:09 belfedia        : je déteste griefprevention, pour faire un cube autour de ma construction, faudrait que je vole :p
20:18 belfedia        : bon a priori j'ai pas assez de blocs, marre :(
20:18 belfedia        : je vais plutôt jouer :)
20:34 belfedia        : snif adieu la pluie :(
20:39 Sylvere_Cine    : Bonsoir
20:39 JohnMcEnroque   : bonsoir
20:39 belfedia        : bonsoir :)
20:39 JBCO91          : hello
20:42 JohnMcEnroque   : j'ai l'impression d'avoir perdu des livres de ma session peche de la derniere fois
20:43 belfedia        : tu les as pas rangé dans un coffre différent, ça m'arrive parfois
20:43 JohnMcEnroque   : j'ai fait le tour, mais non
20:43 JohnMcEnroque   : au moins un livre flamme
20:43 JBCO91          : mais bien sûr John, ceux de la canne à pêche que tu as enchantée avec 8 livres différents ;o)
20:43 JohnMcEnroque   : LUL
20:43 belfedia        : pas un ami qui te les a emprumté ?
20:43 Sylvere_Cine    : Ouaaaaah c'est qui qui a privatisé une ile ?
20:44 JohnMcEnroque   : je sais pas, il me semblait que je les avais dans mon inventaire
20:44 JohnMcEnroque   : pas grave
20:44 JBCO91          : Sylvere_Cine devine
20:44 belfedia        : ben je sais pas comment il a fait Sylvere, j'ai pas réussi a faire la protection de ma tour, pas assez de blocs:(
20:44 Sylvere_Cine    : Haha belle zone !
20:45 Sylvere_Cine    : Ton manoir est superbe. J'avais pas pris le temps de faire le tour. Bravo
20:46 JohnMcEnroque   :  placed a sign @ world: x2, z-84
  Terre
20:47 Sylvere_Cine    : Belfedia, j'ai même pas cherché comment on protégeait LUL
21:21 belfedia        : Bonne fin de soirée, cubez bien :)
21:22 Sylvere_Cine    : Bonne soirée :)
21:45 Sylvere_Cine    : c'est normal le trou dans la salle des coffres au spawn ?
21:47 Sylvere_Cine    :  placed a sign @ world: x102, z22
  Verre coloré
  Vitres         
22:03 JohnMcEnroque   : hello mimi
22:04 Miband          : slt
22:06 Miband          : le creeper au Spawn...
22:07 Sylvere_Cine    : Ha c'est un creeper qui a fait ça ?
22:09 Sylvere_Cine    : tu m'as fait peur LUL
22:09 Miband          : pardon
22:10 JohnMcEnroque   : ptain y'a des cochons qui spawn dans la mine du nether maintenant?
22:10 Miband          : c'est un peu leur monde
22:11 JohnMcEnroque   : je pensais qu'il n'y en avait pas dans la foret biscornue? On a été plus loin?
22:33 Miband          : comment ça s'appelle le mannequin pour armure
22:34 JBCO91          : porte armure
22:34 Miband          : ok
22:35 Miband          : c'est quoi pour le craft
22:35 JBCO91          : 10 diams, une étoile du nether et obsidienne :kappa
22:35 Miband          : ah
22:36 JBCO91          : dalle de roche cuite et bâtons
22:36 Miband          : ?
22:36 Sylvere_Cine    : C'est la deuxième recette plutôt non ?
22:40 Miband          :  placed a sign @ world: x96, z9
  Fleuros
  \o/
22:59 JohnMcEnroque   : bonne nuit
22:59 Sylvere_Cine    : bonne nuit
22:59 JBCO91          : bn
23:02 Sylvere_Cine    : ha zut. Je suis tombé dans les mines de quelqu'un là LUL
